#
# There is insufficient memory for the Java Runtime Environment to continue.
# Native memory allocation (malloc) failed to allocate 262160 bytes for Chunk::new
# Possible reasons:
#   The system is out of physical RAM or swap space
#   In 32 bit mode, the process size limit was hit
# Possible solutions:
#   Reduce memory load on the system
#   Increase physical memory or swap space
#   Check if swap backing store is full
#   Use 64 bit Java on a 64 bit OS
#   Decrease Java heap size (-Xmx/-Xms)
#   Decrease number of Java threads
#   Decrease Java thread stack sizes (-Xss)
#   Set larger code cache with -XX:ReservedCodeCacheSize=
# This output file may be truncated or incomplete.
#
#  Out of Memory Error (allocation.cpp:390), pid=536, tid=3884
#
# JRE version: Java(TM) SE Runtime Environment (8.0_45-b15) (build 1.8.0_45-b15)
# Java VM: Java HotSpot(TM) 64-Bit Server VM (25.45-b02 mixed mode windows-amd64 compressed oops)
# Failed to write core dump. Minidumps are not enabled by default on client versions of Windows
#

---------------  T H R E A D  ---------------

Current thread (0x0000000016b91000):  JavaThread "C2 CompilerThread2" daemon [_thread_in_native, id=3884, stack(0x0000000017360000,0x0000000017460000)]

Stack: [0x0000000017360000,0x0000000017460000]
Native frames: (J=compiled Java code, j=interpreted, Vv=VM code, C=native code)
V  [jvm.dll+0x32b57a]


Current CompileTask:
C2:   6970 1500       4       com.android.dx.ssa.SCCP::simulateBlock (54 bytes)


---------------  P R O C E S S  ---------------

Java Threads: ( => current thread )
  0x0000000016ebd800 JavaThread "pool-1-thread-4" [_thread_blocked, id=10488, stack(0x0000000018360000,0x0000000018460000)]
  0x0000000016ec9000 JavaThread "pool-1-thread-3" [_thread_blocked, id=16552, stack(0x0000000018260000,0x0000000018360000)]
  0x0000000016ec8000 JavaThread "pool-1-thread-2" [_thread_blocked, id=15840, stack(0x0000000018160000,0x0000000018260000)]
  0x0000000016e81800 JavaThread "pool-2-thread-1" [_thread_blocked, id=3432, stack(0x0000000018060000,0x0000000018160000)]
  0x0000000016e9f000 JavaThread "pool-1-thread-1" [_thread_blocked, id=16072, stack(0x0000000017f60000,0x0000000018060000)]
  0x0000000016c11000 JavaThread "Service Thread" daemon [_thread_blocked, id=16812, stack(0x0000000017560000,0x0000000017660000)]
  0x0000000016bd5000 JavaThread "C1 CompilerThread3" daemon [_thread_blocked, id=12952, stack(0x0000000017460000,0x0000000017560000)]
=>0x0000000016b91000 JavaThread "C2 CompilerThread2" daemon [_thread_in_native, id=3884, stack(0x0000000017360000,0x0000000017460000)]
  0x0000000016b8c000 JavaThread "C2 CompilerThread1" daemon [_thread_in_native, id=11980, stack(0x0000000017260000,0x0000000017360000)]
  0x0000000016b88800 JavaThread "C2 CompilerThread0" daemon [_thread_in_native, id=12740, stack(0x0000000017160000,0x0000000017260000)]
  0x0000000016b86000 JavaThread "Attach Listener" daemon [_thread_blocked, id=1396, stack(0x0000000017060000,0x0000000017160000)]
  0x0000000016b83000 JavaThread "Signal Dispatcher" daemon [_thread_blocked, id=16408, stack(0x0000000016f60000,0x0000000017060000)]
  0x0000000002004800 JavaThread "Finalizer" daemon [_thread_blocked, id=14352, stack(0x0000000016a50000,0x0000000016b50000)]
  0x0000000002003000 JavaThread "Reference Handler" daemon [_thread_blocked, id=15688, stack(0x0000000016950000,0x0000000016a50000)]
  0x0000000001efe000 JavaThread "main" [_thread_in_Java, id=11420, stack(0x0000000001df0000,0x0000000001ef0000)]

Other Threads:
  0x0000000014b59800 VMThread [stack: 0x0000000016850000,0x0000000016950000] [id=8760]
  0x0000000016c12000 WatcherThread [stack: 0x0000000017660000,0x0000000017760000] [id=17180]

VM state:not at safepoint (normal execution)

VM Mutex/Monitor currently owned by a thread: None

Heap:
 PSYoungGen      total 76288K, used 14509K [0x00000000eab00000, 0x00000000f0000000, 0x0000000100000000)
  eden space 65536K, 6% used [0x00000000eab00000,0x00000000eaf49bd8,0x00000000eeb00000)
  from space 10752K, 94% used [0x00000000eeb00000,0x00000000ef4e1828,0x00000000ef580000)
  to   space 10752K, 0% used [0x00000000ef580000,0x00000000ef580000,0x00000000f0000000)
 ParOldGen       total 175104K, used 16K [0x00000000c0000000, 0x00000000cab00000, 0x00000000eab00000)
  object space 175104K, 0% used [0x00000000c0000000,0x00000000c0004000,0x00000000cab00000)
 Metaspace       used 6163K, capacity 7088K, committed 7296K, reserved 1056768K
  class space    used 592K, capacity 616K, committed 640K, reserved 1048576K

Card table byte_map: [0x00000000113e0000,0x00000000115f0000] byte_map_base: 0x0000000010de0000

Marking Bits: (ParMarkBitMap*) 0x000000005ad64040
 Begin Bits: [0x0000000011f50000, 0x0000000012f50000)
 End Bits:   [0x0000000012f50000, 0x0000000013f50000)

Polling page: 0x0000000000840000

CodeCache: size=245760Kb used=6550Kb max_used=6567Kb free=239209Kb
 bounds [0x0000000002020000, 0x0000000002690000, 0x0000000011020000]
 total_blobs=1848 nmethods=1579 adapters=182
 compilation: enabled

Compilation events (10 events):
Event: 6.952 Thread 0x0000000016bd5000 1588   !   3       java.lang.ref.Finalizer::remove (94 bytes)
Event: 6.952 Thread 0x0000000016bd5000 nmethod 1588 0x0000000002684090 code [0x0000000002684200, 0x00000000026846d0]
Event: 6.952 Thread 0x0000000016bd5000 1589       3       java.lang.System$2::invokeFinalize (5 bytes)
Event: 6.953 Thread 0x0000000016bd5000 nmethod 1589 0x0000000002684810 code [0x0000000002684980, 0x0000000002684ba8]
Event: 6.953 Thread 0x0000000016bd5000 1590       3       java.lang.ref.Reference::clear (6 bytes)
Event: 6.953 Thread 0x0000000016bd5000 nmethod 1590 0x0000000002684c50 code [0x0000000002684da0, 0x0000000002684f10]
Event: 6.960 Thread 0x0000000016bd5000 1591       3       com.android.dx.cf.direct.MemberListParser::parseIfNecessary (12 bytes)
Event: 6.960 Thread 0x0000000016bd5000 nmethod 1591 0x0000000002684f90 code [0x0000000002685100, 0x00000000026852c8]
Event: 6.962 Thread 0x0000000016bd5000 1592       3       java.util.concurrent.locks.ReentrantLock$FairSync::tryAcquire (74 bytes)
Event: 6.963 Thread 0x0000000016bd5000 nmethod 1592 0x0000000002685350 code [0x0000000002685500, 0x0000000002685d38]

GC Heap History (2 events):
Event: 5.872 GC heap before
{Heap before GC invocations=1 (full 0):
 PSYoungGen      total 76288K, used 65536K [0x00000000eab00000, 0x00000000f0000000, 0x0000000100000000)
  eden space 65536K, 100% used [0x00000000eab00000,0x00000000eeb00000,0x00000000eeb00000)
  from space 10752K, 0% used [0x00000000ef580000,0x00000000ef580000,0x00000000f0000000)
  to   space 10752K, 0% used [0x00000000eeb00000,0x00000000eeb00000,0x00000000ef580000)
 ParOldGen       total 175104K, used 0K [0x00000000c0000000, 0x00000000cab00000, 0x00000000eab00000)
  object space 175104K, 0% used [0x00000000c0000000,0x00000000c0000000,0x00000000cab00000)
 Metaspace       used 6148K, capacity 7088K, committed 7296K, reserved 1056768K
  class space    used 592K, capacity 616K, committed 640K, reserved 1048576K
Event: 6.945 GC heap after
Heap after GC invocations=1 (full 0):
 PSYoungGen      total 76288K, used 10118K [0x00000000eab00000, 0x00000000f0000000, 0x0000000100000000)
  eden space 65536K, 0% used [0x00000000eab00000,0x00000000eab00000,0x00000000eeb00000)
  from space 10752K, 94% used [0x00000000eeb00000,0x00000000ef4e1828,0x00000000ef580000)
  to   space 10752K, 0% used [0x00000000ef580000,0x00000000ef580000,0x00000000f0000000)
 ParOldGen       total 175104K, used 16K [0x00000000c0000000, 0x00000000cab00000, 0x00000000eab00000)
  object space 175104K, 0% used [0x00000000c0000000,0x00000000c0004000,0x00000000cab00000)
 Metaspace       used 6148K, capacity 7088K, committed 7296K, reserved 1056768K
  class space    used 592K, capacity 616K, committed 640K, reserved 1048576K
}

Deoptimization events (10 events):
Event: 4.036 Thread 0x0000000016e9f000 Uncommon trap: reason=bimorphic action=maybe_recompile pc=0x00000000022316a8 method=java.util.HashMap.getNode(ILjava/lang/Object;)Ljava/util/HashMap$Node; @ 126
Event: 4.056 Thread 0x0000000016ebd800 Uncommon trap: reason=unstable_if action=reinterpret pc=0x00000000023aa3a8 method=com.android.dx.ssa.NormalSsaInsn.getLocalAssignment()Lcom/android/dx/rop/code/RegisterSpec; @ 12
Event: 4.056 Thread 0x0000000016ebd800 Uncommon trap: reason=unstable_if action=reinterpret pc=0x00000000023945b0 method=com.android.dx.ssa.NormalSsaInsn.getLocalAssignment()Lcom/android/dx/rop/code/RegisterSpec; @ 12
Event: 4.192 Thread 0x0000000016ebd800 Uncommon trap: reason=unloaded action=reinterpret pc=0x00000000022e0c98 method=com.android.dx.ssa.SsaRenamer$BlockRenamer.visitMoveInsn(Lcom/android/dx/ssa/NormalSsaInsn;)V @ 208
Event: 4.816 Thread 0x0000000001efe000 Uncommon trap: reason=bimorphic action=maybe_recompile pc=0x00000000022316a8 method=java.util.HashMap.getNode(ILjava/lang/Object;)Ljava/util/HashMap$Node; @ 126
Event: 4.816 Thread 0x0000000001efe000 Uncommon trap: reason=bimorphic action=maybe_recompile pc=0x00000000025ece10 method=java.util.HashMap.putVal(ILjava/lang/Object;Ljava/lang/Object;ZZ)Ljava/lang/Object; @ 203
Event: 4.816 Thread 0x0000000001efe000 Uncommon trap: reason=bimorphic action=maybe_recompile pc=0x00000000022316a8 method=java.util.HashMap.getNode(ILjava/lang/Object;)Ljava/util/HashMap$Node; @ 126
Event: 4.816 Thread 0x0000000001efe000 Uncommon trap: reason=bimorphic action=maybe_recompile pc=0x00000000022631e4 method=java.util.HashMap.getNode(ILjava/lang/Object;)Ljava/util/HashMap$Node; @ 126
Event: 4.914 Thread 0x0000000016ec8000 Uncommon trap: reason=unstable_if action=reinterpret pc=0x00000000024455fc method=com.android.dx.util.IntList.binarysearch(I)I @ 105
Event: 5.328 Thread 0x0000000016ebd800 Uncommon trap: reason=null_check action=make_not_entrant pc=0x00000000022e6ea0 method=com.android.dx.rop.type.Type.equals(Ljava/lang/Object;)Z @ 8

Internal exceptions (3 events):
Event: 0.125 Thread 0x0000000001efe000 Exception <a 'java/lang/NoSuchMethodError': Method sun.misc.Unsafe.defineClass(Ljava/lang/String;[BII)Ljava/lang/Class; name or signature does not match> (0x00000000eab0db00) thrown at [C:\re\workspace\8-2-build-windows-amd64-cygwin\jdk8u45\3627\hotspot\srÐÕDéÀ?
Event: 0.125 Thread 0x0000000001efe000 Exception <a 'java/lang/NoSuchMethodError': Method sun.misc.Unsafe.prefetchRead(Ljava/lang/Object;J)V name or signature does not match> (0x00000000eab0dd90) thrown at [C:\re\workspace\8-2-build-windows-amd64-cygwin\jdk8u45\3627\hotspot\src\share\vm\prims\jcä¥•,P@
Event: 5.328 Thread 0x0000000016ebd800 Implicit null exception at 0x00000000022e6da2 to 0x00000000022e6e92

Events (10 events):
Event: 4.816 Thread 0x0000000001efe000 DEOPT PACKING pc=0x00000000022631e4 sp=0x0000000001eee630
Event: 4.816 Thread 0x0000000001efe000 DEOPT UNPACKING pc=0x000000000206582a sp=0x0000000001eee548 mode 2
Event: 4.914 Thread 0x0000000016ec8000 Uncommon trap: trap_request=0xffffff65 fr.pc=0x00000000024455fc
Event: 4.914 Thread 0x0000000016ec8000 DEOPT PACKING pc=0x00000000024455fc sp=0x000000001825e4e0
Event: 4.914 Thread 0x0000000016ec8000 DEOPT UNPACKING pc=0x000000000206582a sp=0x000000001825e458 mode 2
Event: 5.328 Thread 0x0000000016ebd800 Uncommon trap: trap_request=0xfffffff4 fr.pc=0x00000000022e6ea0
Event: 5.328 Thread 0x0000000016ebd800 DEOPT PACKING pc=0x00000000022e6ea0 sp=0x000000001845e4d0
Event: 5.328 Thread 0x0000000016ebd800 DEOPT UNPACKING pc=0x000000000206582a sp=0x000000001845e458 mode 2
Event: 5.446 Executing VM operation: ParallelGCFailedAllocation
Event: 6.945 Executing VM operation: ParallelGCFailedAllocation done


Dynamic libraries:
0x00007ff773fd0000 - 0x00007ff774007000 	C:\Program Files\Java\jdk1.8.0_45\bin\java.exe
0x00007ffcc1b80000 - 0x00007ffcc1d41000 	C:\WINDOWS\SYSTEM32\ntdll.dll
0x00007ffcc0400000 - 0x00007ffcc04ad000 	C:\WINDOWS\system32\KERNEL32.DLL
0x00007ffcb09d0000 - 0x00007ffcb0a02000 	C:\Program Files (x86)\AVG\Av\avghooka.dll
0x00007ffcbd9f0000 - 0x00007ffcbdbd8000 	C:\WINDOWS\system32\KERNELBASE.dll
0x00007ffcbdef0000 - 0x00007ffcbdf97000 	C:\WINDOWS\system32\ADVAPI32.dll
0x00007ffcbdc00000 - 0x00007ffcbdc9d000 	C:\WINDOWS\system32\msvcrt.dll
0x00007ffcbdd00000 - 0x00007ffcbdd5b000 	C:\WINDOWS\system32\sechost.dll
0x00007ffcbe430000 - 0x00007ffcbe54c000 	C:\WINDOWS\system32\RPCRT4.dll
0x00007ffcc0010000 - 0x00007ffcc0166000 	C:\WINDOWS\system32\USER32.dll
0x00007ffcbe2a0000 - 0x00007ffcbe426000 	C:\WINDOWS\system32\GDI32.dll
0x00007ffcb9470000 - 0x00007ffcb96e4000 	C:\WINDOWS\WinSxS\amd64_microsoft.windows.common-controls_6595b64144ccf1df_6.0.10586.0_none_8c15ae12515e1c22\COMCTL32.dll
0x00007ffcc0170000 - 0x00007ffcc03ed000 	C:\WINDOWS\system32\combase.dll
0x00007ffcbd190000 - 0x00007ffcbd1fa000 	C:\WINDOWS\system32\bcryptPrimitives.dll
0x00007ffcbdca0000 - 0x00007ffcbdcdb000 	C:\WINDOWS\system32\IMM32.DLL
0x000000005b050000 - 0x000000005b122000 	C:\Program Files\Java\jdk1.8.0_45\jre\bin\msvcr100.dll
0x000000005a560000 - 0x000000005ade3000 	C:\Program Files\Java\jdk1.8.0_45\jre\bin\server\jvm.dll
0x00007ffcbdee0000 - 0x00007ffcbdee8000 	C:\WINDOWS\system32\PSAPI.DLL
0x00007ffcb0b70000 - 0x00007ffcb0b79000 	C:\WINDOWS\SYSTEM32\WSOCK32.dll
0x00007ffcbffa0000 - 0x00007ffcc000b000 	C:\WINDOWS\system32\WS2_32.dll
0x00007ffcba1a0000 - 0x00007ffcba1c3000 	C:\WINDOWS\SYSTEM32\WINMM.dll
0x00007ffcb9850000 - 0x00007ffcb985a000 	C:\WINDOWS\SYSTEM32\VERSION.dll
0x00007ffcba140000 - 0x00007ffcba16c000 	C:\WINDOWS\SYSTEM32\WINMMBASE.dll
0x00007ffcbd2c0000 - 0x00007ffcbd303000 	C:\WINDOWS\system32\cfgmgr32.dll
0x000000005b4c0000 - 0x000000005b4cf000 	C:\Program Files\Java\jdk1.8.0_45\jre\bin\verify.dll
0x000000005b490000 - 0x000000005b4b9000 	C:\Program Files\Java\jdk1.8.0_45\jre\bin\java.dll
0x000000005b470000 - 0x000000005b486000 	C:\Program Files\Java\jdk1.8.0_45\jre\bin\zip.dll
0x00007ffcbea40000 - 0x00007ffcbff9c000 	C:\WINDOWS\system32\SHELL32.dll
0x00007ffcbd310000 - 0x00007ffcbd955000 	C:\WINDOWS\system32\windows.storage.dll
0x00007ffcbe550000 - 0x00007ffcbe5a2000 	C:\WINDOWS\system32\shlwapi.dll
0x00007ffcbce90000 - 0x00007ffcbce9f000 	C:\WINDOWS\system32\kernel.appcore.dll
0x00007ffcbd200000 - 0x00007ffcbd2b5000 	C:\WINDOWS\system32\shcore.dll
0x00007ffcbce40000 - 0x00007ffcbce8b000 	C:\WINDOWS\system32\powrprof.dll
0x00007ffcbce20000 - 0x00007ffcbce34000 	C:\WINDOWS\system32\profapi.dll
0x00007ffc9cec0000 - 0x00007ffc9d04c000 	C:\WINDOWS\SYSTEM32\dbghelp.dll

VM Arguments:
jvm_args: -Djava.awt.headless=true -Xmx1024M -Dfile.encoding=windows-1252 -Duser.country=US -Duser.language=en -Duser.variant 
java_command: com.android.dx.command.Main --dex --num-threads=4 --output C:\Users\Russell\git\Decisionator\app\build\intermediates\pre-dexed\debug\com.google.android.gms-play-services-location-8.4.0_ec72ec1b8f50f4937d570552526f7872543c5568.jar C:\Users\Russell\git\Decisionator\app\build\intermediates\exploded-aar\com.google.android.gms\play-services-location\8.4.0\jars\classes.jar
java_class_path (initial): G:\Android\sdk\build-tools\23.0.2\lib\dx.jar
Launcher Type: SUN_STANDARD

Environment Variables:
JAVA_HOME=C:\Program Files\Java\jdk1.8.0_45
CLASSPATH=C:\Program Files\Java\jdk1.7.0_17;C:\Program Files\Java\jre7\bin;.
PATH=G:\Python;C:\ProgramData\Oracle\Java\javapath;C:\Program Files\Java\jdk1.7.0_17\bin; C:\MinGW\bin; C:\MinGW\msys\1.0\bin;C:\Program Files (x86)\Windows Kits\8.1\Windows Performance Toolkit\;C:\Program Files\Microsoft SQL Server\110\Tools\Binn\;C:\Program Files (x86)\Microsoft SDKs\TypeScript\1.0\;C:\Program Files (x86)\Vim\vim74;C:\Program Files (x86)\Microsoft SQL Server\110\Tools\Binn\ManagementStudio\;C:\Program Files (x86)\Microsoft SQL Server\110\Tools\Binn\;C:\Program Files (x86)\Microsoft SQL Server\110\DTS\Binn\;C:\Program Files\Microsoft SQL Server\110\DTS\Binn\;C:\Program Files (x86)\Microsoft SQL Server\100\Tools\Binn\VSShell\Common7\IDE\;C:\Program Files (x86)\Microsoft SQL Server\100\Tools\Binn\;C:\Program Files\Microsoft SQL Server\100\Tools\Binn\;C:\Program Files (x86)\Microsoft SQL Server\100\DTS\Binn\;C:\Program Files\Microsoft\Web Platform Installer\;C:\Program Files\MySQL\MySQL Server 5.1\bin;G:\Perforce;C:\Program Files\Microsoft SQL Server\100\DTS\Binn\;C:\Program Files (x86)\NVIDIA Corporation\PhysX\Common;C:\Program Files\TortoiseHg\;C:\WINDOWS\system32;C:\WINDOWS;C:\WINDOWS\System32\Wbem;C:\WINDOWS\System32\WindowsPowerShell\v1.0\;C:\Program Files\Git\cmd;C:\Program Files\Git\mingw64\bin;C:\Program Files\Git\usr\bin;C:\Python27;G:\erl7.1\bin;C:\Program Files\Java\jre1.8.0_71\bin;G:\Anaconda3;G:\Anaconda3\Scripts;G:\Anaconda3\Library\bin;C:\Ruby22-x64\bin;C:\Program Files\Java\jdk1.7.0_17\bin; C:\MinGW\bin; C:\MinGW\msys\1.0\bin
USERNAME=Russell
OS=Windows_NT
PROCESSOR_IDENTIFIER=AMD64 Family 21 Model 1 Stepping 2, AuthenticAMD



---------------  S Y S T E M  ---------------

OS: Windows 10.0 , 64 bit Build 10586 (10.0.10586.0)

CPU:total 8 (8 cores per cpu, 1 threads per core) family 21 model 1 stepping 2, cmov, cx8, fxsr, mmx, sse, sse2, sse3, ssse3, sse4.1, sse4.2, popcnt, avx, aes, clmul, mmxext, 3dnowpref, lzcnt, sse4a, tsc, tscinvbit, tscinv

Memory: 4k page, physical 16721232k(5538264k free), swap 16721232k(5404k free)

vm_info: Java HotSpot(TM) 64-Bit Server VM (25.45-b02) for windows-amd64 JRE (1.8.0_45-b15), built on Apr 30 2015 12:40:44 by "java_re" with MS VC++ 10.0 (VS2010)

time: Tue Mar 22 19:47:04 2016
elapsed time: 6 seconds (0d 0h 0m 6s)

