#
# There is insufficient memory for the Java Runtime Environment to continue.
# Native memory allocation (malloc) failed to allocate 1785056 bytes for Chunk::new
# Possible reasons:
#   The system is out of physical RAM or swap space
#   In 32 bit mode, the process size limit was hit
# Possible solutions:
#   Reduce memory load on the system
#   Increase physical memory or swap space
#   Check if swap backing store is full
#   Use 64 bit Java on a 64 bit OS
#   Decrease Java heap size (-Xmx/-Xms)
#   Decrease number of Java threads
#   Decrease Java thread stack sizes (-Xss)
#   Set larger code cache with -XX:ReservedCodeCacheSize=
# This output file may be truncated or incomplete.
#
#  Out of Memory Error (allocation.cpp:390), pid=1384, tid=9908
#
# JRE version: Java(TM) SE Runtime Environment (8.0_45-b15) (build 1.8.0_45-b15)
# Java VM: Java HotSpot(TM) 64-Bit Server VM (25.45-b02 mixed mode windows-amd64 compressed oops)
# Failed to write core dump. Minidumps are not enabled by default on client versions of Windows
#

---------------  T H R E A D  ---------------

Current thread (0x0000000016c0c800):  JavaThread "C2 CompilerThread1" daemon [_thread_in_native, id=9908, stack(0x00000000172e0000,0x00000000173e0000)]

Stack: [0x00000000172e0000,0x00000000173e0000]
Native frames: (J=compiled Java code, j=interpreted, Vv=VM code, C=native code)
V  [jvm.dll+0x32b57a]
V  [jvm.dll+0x279873]
V  [jvm.dll+0x27a509]
V  [jvm.dll+0x271825]
V  [jvm.dll+0xcb9e2]
V  [jvm.dll+0xcbeac]
V  [jvm.dll+0x476ef2]
V  [jvm.dll+0x4b955f]
V  [jvm.dll+0x46b92f]
V  [jvm.dll+0x46ccbe]
V  [jvm.dll+0x4500f2]
V  [jvm.dll+0xa4352]
V  [jvm.dll+0xa4c8f]
V  [jvm.dll+0x241984]
V  [jvm.dll+0x29853a]
C  [msvcr100.dll+0x21d9f]
C  [msvcr100.dll+0x21e3b]
C  [KERNEL32.DLL+0x18102]
C  [ntdll.dll+0x5c5b4]


Current CompileTask:
C2:   6955 1810   !   4       com.android.dx.cf.code.BytecodeArray::parseInstruction (2764 bytes)


---------------  P R O C E S S  ---------------

Java Threads: ( => current thread )
  0x0000000016f4b800 JavaThread "pool-1-thread-4" [_thread_blocked, id=12308, stack(0x0000000017be0000,0x0000000017ce0000)]
  0x0000000016f48800 JavaThread "pool-1-thread-3" [_thread_blocked, id=5420, stack(0x0000000017ae0000,0x0000000017be0000)]
  0x0000000016f46000 JavaThread "pool-1-thread-2" [_thread_blocked, id=2328, stack(0x00000000179e0000,0x0000000017ae0000)]
  0x0000000016f45000 JavaThread "pool-2-thread-1" [_thread_blocked, id=13584, stack(0x00000000178e0000,0x00000000179e0000)]
  0x0000000016f02000 JavaThread "pool-1-thread-1" [_thread_blocked, id=14836, stack(0x00000000177e0000,0x00000000178e0000)]
  0x0000000016caf000 JavaThread "Service Thread" daemon [_thread_blocked, id=17012, stack(0x00000000175e0000,0x00000000176e0000)]
  0x0000000016c61800 JavaThread "C1 CompilerThread3" daemon [_thread_blocked, id=16872, stack(0x00000000174e0000,0x00000000175e0000)]
  0x0000000016c34800 JavaThread "C2 CompilerThread2" daemon [_thread_in_native, id=14376, stack(0x00000000173e0000,0x00000000174e0000)]
=>0x0000000016c0c800 JavaThread "C2 CompilerThread1" daemon [_thread_in_native, id=9908, stack(0x00000000172e0000,0x00000000173e0000)]
  0x0000000016c08800 JavaThread "C2 CompilerThread0" daemon [_thread_blocked, id=16560, stack(0x00000000171e0000,0x00000000172e0000)]
  0x0000000016c06000 JavaThread "Attach Listener" daemon [_thread_blocked, id=3356, stack(0x00000000170e0000,0x00000000171e0000)]
  0x0000000016c05000 JavaThread "Signal Dispatcher" daemon [_thread_blocked, id=16404, stack(0x0000000016fe0000,0x00000000170e0000)]
  0x00000000020e4800 JavaThread "Finalizer" daemon [_thread_blocked, id=2456, stack(0x0000000016ae0000,0x0000000016be0000)]
  0x00000000020e3000 JavaThread "Reference Handler" daemon [_thread_blocked, id=15612, stack(0x00000000169e0000,0x0000000016ae0000)]
  0x0000000001eae000 JavaThread "main" [_thread_blocked, id=16772, stack(0x0000000001ef0000,0x0000000001ff0000)]

Other Threads:
  0x0000000014c09000 VMThread [stack: 0x00000000168e0000,0x00000000169e0000] [id=1636]
  0x0000000016cb0000 WatcherThread [stack: 0x00000000176e0000,0x00000000177e0000] [id=15712]

VM state:not at safepoint (normal execution)

VM Mutex/Monitor currently owned by a thread: None

Heap:
 PSYoungGen      total 76288K, used 49627K [0x00000000eab00000, 0x00000000f4000000, 0x0000000100000000)
  eden space 65536K, 59% used [0x00000000eab00000,0x00000000ed0fc628,0x00000000eeb00000)
  from space 10752K, 99% used [0x00000000eeb00000,0x00000000ef57a938,0x00000000ef580000)
  to   space 10752K, 0% used [0x00000000f3580000,0x00000000f3580000,0x00000000f4000000)
 ParOldGen       total 175104K, used 1304K [0x00000000c0000000, 0x00000000cab00000, 0x00000000eab00000)
  object space 175104K, 0% used [0x00000000c0000000,0x00000000c0146288,0x00000000cab00000)
 Metaspace       used 6196K, capacity 7088K, committed 7296K, reserved 1056768K
  class space    used 591K, capacity 616K, committed 640K, reserved 1048576K

Card table byte_map: [0x00000000114b0000,0x00000000116c0000] byte_map_base: 0x0000000010eb0000

Marking Bits: (ParMarkBitMap*) 0x000000005ad64040
 Begin Bits: [0x0000000012020000, 0x0000000013020000)
 End Bits:   [0x0000000013020000, 0x0000000014020000)

Polling page: 0x0000000001e30000

CodeCache: size=245760Kb used=8163Kb max_used=8174Kb free=237597Kb
 bounds [0x00000000020f0000, 0x0000000002900000, 0x00000000110f0000]
 total_blobs=2103 nmethods=1834 adapters=182
 compilation: enabled

Compilation events (10 events):
Event: 6.908 Thread 0x0000000016c61800 1834       3       java.util.concurrent.locks.LockSupport::park (23 bytes)
Event: 6.908 Thread 0x0000000016c61800 nmethod 1834 0x00000000028e1350 code [0x00000000028e14c0, 0x00000000028e1808]
Event: 6.919 Thread 0x0000000016c08800 nmethod 1807 0x00000000028edf50 code [0x00000000028ee280, 0x00000000028f0450]
Event: 6.920 Thread 0x0000000016c08800 1826       4       com.android.dx.cf.code.ByteBlock::<init> (181 bytes)
Event: 6.923 Thread 0x0000000016c08800 nmethod 1826 0x00000000028eab90 code [0x00000000028eace0, 0x00000000028eaf18]
Event: 6.923 Thread 0x0000000016c08800 1824       4       com.android.dx.cf.code.ByteBlockList::labelToBlock (46 bytes)
Event: 6.925 Thread 0x0000000016c08800 nmethod 1824 0x00000000028e9090 code [0x00000000028e91e0, 0x00000000028e9338]
Event: 6.936 Thread 0x0000000016c08800 1837       4       java.util.ArrayList::<init> (61 bytes)
Event: 6.937 Thread 0x0000000016c08800 nmethod 1837 0x00000000028ea4d0 code [0x00000000028ea620, 0x00000000028ea738]
Event: 6.937 Thread 0x0000000016c08800 1838       4       com.android.dx.cf.code.ByteCatchList::listFor (120 bytes)

GC Heap History (2 events):
Event: 2.808 GC heap before
{Heap before GC invocations=1 (full 0):
 PSYoungGen      total 76288K, used 65536K [0x00000000eab00000, 0x00000000f0000000, 0x0000000100000000)
  eden space 65536K, 100% used [0x00000000eab00000,0x00000000eeb00000,0x00000000eeb00000)
  from space 10752K, 0% used [0x00000000ef580000,0x00000000ef580000,0x00000000f0000000)
  to   space 10752K, 0% used [0x00000000eeb00000,0x00000000eeb00000,0x00000000ef580000)
 ParOldGen       total 175104K, used 0K [0x00000000c0000000, 0x00000000cab00000, 0x00000000eab00000)
  object space 175104K, 0% used [0x00000000c0000000,0x00000000c0000000,0x00000000cab00000)
 Metaspace       used 6096K, capacity 7024K, committed 7296K, reserved 1056768K
  class space    used 590K, capacity 616K, committed 640K, reserved 1048576K
Event: 3.649 GC heap after
Heap after GC invocations=1 (full 0):
 PSYoungGen      total 76288K, used 10730K [0x00000000eab00000, 0x00000000f4000000, 0x0000000100000000)
  eden space 65536K, 0% used [0x00000000eab00000,0x00000000eab00000,0x00000000eeb00000)
  from space 10752K, 99% used [0x00000000eeb00000,0x00000000ef57a938,0x00000000ef580000)
  to   space 10752K, 0% used [0x00000000f3580000,0x00000000f3580000,0x00000000f4000000)
 ParOldGen       total 175104K, used 1304K [0x00000000c0000000, 0x00000000cab00000, 0x00000000eab00000)
  object space 175104K, 0% used [0x00000000c0000000,0x00000000c0146288,0x00000000cab00000)
 Metaspace       used 6096K, capacity 7024K, committed 7296K, reserved 1056768K
  class space    used 590K, capacity 616K, committed 640K, reserved 1048576K
}

Deoptimization events (10 events):
Event: 3.979 Thread 0x0000000016f48800 Uncommon trap: reason=class_check action=maybe_recompile pc=0x00000000027ad29c method=com.android.dx.cf.code.BytecodeArray.parseInstruction(ILcom/android/dx/cf/code/BytecodeArray$Visitor;)I @ 1891
Event: 4.614 Thread 0x0000000016f02000 Uncommon trap: reason=unstable_if action=reinterpret pc=0x00000000026c8d80 method=com.android.dx.util.BitIntSet.has(I)Z @ 8
Event: 5.701 Thread 0x0000000016f02000 Uncommon trap: reason=bimorphic action=maybe_recompile pc=0x000000000279e0f0 method=com.android.dx.cf.code.RopperMachine.run(Lcom/android/dx/cf/code/Frame;II)V @ 988
Event: 5.702 Thread 0x0000000016f02000 Uncommon trap: reason=bimorphic action=maybe_recompile pc=0x00000000027e8b80 method=com.android.dx.ssa.SCCP.setLatticeValueTo(IILcom/android/dx/rop/cst/Constant;)Z @ 43
Event: 5.702 Thread 0x0000000016f02000 Uncommon trap: reason=bimorphic action=maybe_recompile pc=0x00000000027e8b80 method=com.android.dx.ssa.SCCP.setLatticeValueTo(IILcom/android/dx/rop/cst/Constant;)Z @ 43
Event: 5.702 Thread 0x0000000016f02000 Uncommon trap: reason=unstable_if action=reinterpret pc=0x00000000027d2150 method=com.android.dx.rop.code.RegisterSpecSet.put(Lcom/android/dx/rop/code/RegisterSpec;)V @ 77
Event: 6.782 Thread 0x0000000016f46000 Uncommon trap: reason=bimorphic action=maybe_recompile pc=0x0000000002852d38 method=com.android.dx.cf.code.BytecodeArray.parseInstruction(ILcom/android/dx/cf/code/BytecodeArray$Visitor;)I @ 2484
Event: 6.782 Thread 0x0000000016f4b800 Uncommon trap: reason=bimorphic action=maybe_recompile pc=0x0000000002852d38 method=com.android.dx.cf.code.BytecodeArray.parseInstruction(ILcom/android/dx/cf/code/BytecodeArray$Visitor;)I @ 2484
Event: 6.782 Thread 0x0000000016f4b800 Uncommon trap: reason=bimorphic action=maybe_recompile pc=0x0000000002852d38 method=com.android.dx.cf.code.BytecodeArray.parseInstruction(ILcom/android/dx/cf/code/BytecodeArray$Visitor;)I @ 2484
Event: 6.782 Thread 0x0000000016f46000 Uncommon trap: reason=bimorphic action=maybe_recompile pc=0x0000000002852d38 method=com.android.dx.cf.code.BytecodeArray.parseInstruction(ILcom/android/dx/cf/code/BytecodeArray$Visitor;)I @ 2484

Internal exceptions (3 events):
Event: 0.069 Thread 0x0000000001eae000 Exception <a 'java/lang/NoSuchMethodError': Method sun.misc.Unsafe.defineClass(Ljava/lang/String;[BII)Ljava/lang/Class; name or signature does not match> (0x00000000eab0da60) thrown at [C:\re\workspace\8-2-build-windows-amd64-cygwin\jdk8u45\3627\hotspot\srû°$p±£±?
Event: 0.069 Thread 0x0000000001eae000 Exception <a 'java/lang/NoSuchMethodError': Method sun.misc.Unsafe.prefetchRead(Ljava/lang/Object;J)V name or signature does not match> (0x00000000eab0dcf0) thrown at [C:\re\workspace\8-2-build-windows-amd64-cygwin\jdk8u45\3627\hotspot\src\share\vm\prims\jc²´õ:íð?
Event: 1.058 Thread 0x0000000016f4b800 Implicit null exception at 0x000000000240e702 to 0x0000000002410ae5

Events (10 events):
Event: 6.782 Thread 0x0000000016f46000 DEOPT PACKING pc=0x0000000002852d38 sp=0x0000000017ade2a0
Event: 6.782 Thread 0x0000000016f4b800 DEOPT PACKING pc=0x0000000002852d38 sp=0x0000000017cde640
Event: 6.782 Thread 0x0000000016f46000 DEOPT UNPACKING pc=0x000000000213582a sp=0x0000000017ade268 mode 2
Event: 6.782 Thread 0x0000000016f4b800 DEOPT UNPACKING pc=0x000000000213582a sp=0x0000000017cde608 mode 2
Event: 6.782 Thread 0x0000000016f4b800 Uncommon trap: trap_request=0xffffffc6 fr.pc=0x0000000002852d38
Event: 6.782 Thread 0x0000000016f4b800 DEOPT PACKING pc=0x0000000002852d38 sp=0x0000000017cde720
Event: 6.782 Thread 0x0000000016f4b800 DEOPT UNPACKING pc=0x000000000213582a sp=0x0000000017cde6e8 mode 2
Event: 6.782 Thread 0x0000000016f46000 Uncommon trap: trap_request=0xffffffc6 fr.pc=0x0000000002852d38
Event: 6.783 Thread 0x0000000016f46000 DEOPT PACKING pc=0x0000000002852d38 sp=0x0000000017ade380
Event: 6.783 Thread 0x0000000016f46000 DEOPT UNPACKING pc=0x000000000213582a sp=0x0000000017ade348 mode 2


Dynamic libraries:
0x00007ff773fd0000 - 0x00007ff774007000 	C:\Program Files\Java\jdk1.8.0_45\bin\java.exe
0x00007ffcc1b80000 - 0x00007ffcc1d41000 	C:\WINDOWS\SYSTEM32\ntdll.dll
0x00007ffcc0400000 - 0x00007ffcc04ad000 	C:\WINDOWS\system32\KERNEL32.DLL
0x00007ffcb09d0000 - 0x00007ffcb0a02000 	C:\Program Files (x86)\AVG\Av\avghooka.dll
0x00007ffcbd9f0000 - 0x00007ffcbdbd8000 	C:\WINDOWS\system32\KERNELBASE.dll
0x00007ffcbdef0000 - 0x00007ffcbdf97000 	C:\WINDOWS\system32\ADVAPI32.dll
0x00007ffcbdc00000 - 0x00007ffcbdc9d000 	C:\WINDOWS\system32\msvcrt.dll
0x00007ffcbdd00000 - 0x00007ffcbdd5b000 	C:\WINDOWS\system32\sechost.dll
0x00007ffcbe430000 - 0x00007ffcbe54c000 	C:\WINDOWS\system32\RPCRT4.dll
0x00007ffcc0010000 - 0x00007ffcc0166000 	C:\WINDOWS\system32\USER32.dll
0x00007ffcbe2a0000 - 0x00007ffcbe426000 	C:\WINDOWS\system32\GDI32.dll
0x00007ffcb9470000 - 0x00007ffcb96e4000 	C:\WINDOWS\WinSxS\amd64_microsoft.windows.common-controls_6595b64144ccf1df_6.0.10586.0_none_8c15ae12515e1c22\COMCTL32.dll
0x00007ffcc0170000 - 0x00007ffcc03ed000 	C:\WINDOWS\system32\combase.dll
0x00007ffcbd190000 - 0x00007ffcbd1fa000 	C:\WINDOWS\system32\bcryptPrimitives.dll
0x00007ffcbdca0000 - 0x00007ffcbdcdb000 	C:\WINDOWS\system32\IMM32.DLL
0x000000005b050000 - 0x000000005b122000 	C:\Program Files\Java\jdk1.8.0_45\jre\bin\msvcr100.dll
0x000000005a560000 - 0x000000005ade3000 	C:\Program Files\Java\jdk1.8.0_45\jre\bin\server\jvm.dll
0x00007ffcbdee0000 - 0x00007ffcbdee8000 	C:\WINDOWS\system32\PSAPI.DLL
0x00007ffcb0b70000 - 0x00007ffcb0b79000 	C:\WINDOWS\SYSTEM32\WSOCK32.dll
0x00007ffcbffa0000 - 0x00007ffcc000b000 	C:\WINDOWS\system32\WS2_32.dll
0x00007ffcba1a0000 - 0x00007ffcba1c3000 	C:\WINDOWS\SYSTEM32\WINMM.dll
0x00007ffcb9850000 - 0x00007ffcb985a000 	C:\WINDOWS\SYSTEM32\VERSION.dll
0x00007ffcba140000 - 0x00007ffcba16c000 	C:\WINDOWS\SYSTEM32\WINMMBASE.dll
0x00007ffcbd2c0000 - 0x00007ffcbd303000 	C:\WINDOWS\system32\cfgmgr32.dll
0x000000005b4c0000 - 0x000000005b4cf000 	C:\Program Files\Java\jdk1.8.0_45\jre\bin\verify.dll
0x000000005b490000 - 0x000000005b4b9000 	C:\Program Files\Java\jdk1.8.0_45\jre\bin\java.dll
0x000000005b470000 - 0x000000005b486000 	C:\Program Files\Java\jdk1.8.0_45\jre\bin\zip.dll
0x00007ffcbea40000 - 0x00007ffcbff9c000 	C:\WINDOWS\system32\SHELL32.dll
0x00007ffcbd310000 - 0x00007ffcbd955000 	C:\WINDOWS\system32\windows.storage.dll
0x00007ffcbe550000 - 0x00007ffcbe5a2000 	C:\WINDOWS\system32\shlwapi.dll
0x00007ffcbce90000 - 0x00007ffcbce9f000 	C:\WINDOWS\system32\kernel.appcore.dll
0x00007ffcbd200000 - 0x00007ffcbd2b5000 	C:\WINDOWS\system32\shcore.dll
0x00007ffcbce40000 - 0x00007ffcbce8b000 	C:\WINDOWS\system32\powrprof.dll
0x00007ffcbce20000 - 0x00007ffcbce34000 	C:\WINDOWS\system32\profapi.dll
0x00007ffc9cec0000 - 0x00007ffc9d04c000 	C:\WINDOWS\SYSTEM32\dbghelp.dll

VM Arguments:
jvm_args: -Djava.awt.headless=true -Xmx1024M -Dfile.encoding=windows-1252 -Duser.country=US -Duser.language=en -Duser.variant 
java_command: com.android.dx.command.Main --dex --num-threads=4 --output C:\Users\Russell\git\Decisionator\app\build\intermediates\pre-dexed\debug\aws-android-sdk-ddb-mapper-2.2.12_b29c40809b7df8076c0cd27db4b6297d979d2fbc.jar C:\Users\Russell\git\Decisionator\app\libs\aws-android-sdk-ddb-mapper-2.2.12.jar
java_class_path (initial): G:\Android\sdk\build-tools\23.0.2\lib\dx.jar
Launcher Type: SUN_STANDARD

Environment Variables:
JAVA_HOME=C:\Program Files\Java\jdk1.8.0_45
CLASSPATH=C:\Program Files\Java\jdk1.7.0_17;C:\Program Files\Java\jre7\bin;.
PATH=G:\Python;C:\ProgramData\Oracle\Java\javapath;C:\Program Files\Java\jdk1.7.0_17\bin; C:\MinGW\bin; C:\MinGW\msys\1.0\bin;C:\Program Files (x86)\Windows Kits\8.1\Windows Performance Toolkit\;C:\Program Files\Microsoft SQL Server\110\Tools\Binn\;C:\Program Files (x86)\Microsoft SDKs\TypeScript\1.0\;C:\Program Files (x86)\Vim\vim74;C:\Program Files (x86)\Microsoft SQL Server\110\Tools\Binn\ManagementStudio\;C:\Program Files (x86)\Microsoft SQL Server\110\Tools\Binn\;C:\Program Files (x86)\Microsoft SQL Server\110\DTS\Binn\;C:\Program Files\Microsoft SQL Server\110\DTS\Binn\;C:\Program Files (x86)\Microsoft SQL Server\100\Tools\Binn\VSShell\Common7\IDE\;C:\Program Files (x86)\Microsoft SQL Server\100\Tools\Binn\;C:\Program Files\Microsoft SQL Server\100\Tools\Binn\;C:\Program Files (x86)\Microsoft SQL Server\100\DTS\Binn\;C:\Program Files\Microsoft\Web Platform Installer\;C:\Program Files\MySQL\MySQL Server 5.1\bin;G:\Perforce;C:\Program Files\Microsoft SQL Server\100\DTS\Binn\;C:\Program Files (x86)\NVIDIA Corporation\PhysX\Common;C:\Program Files\TortoiseHg\;C:\WINDOWS\system32;C:\WINDOWS;C:\WINDOWS\System32\Wbem;C:\WINDOWS\System32\WindowsPowerShell\v1.0\;C:\Program Files\Git\cmd;C:\Program Files\Git\mingw64\bin;C:\Program Files\Git\usr\bin;C:\Python27;G:\erl7.1\bin;C:\Program Files\Java\jre1.8.0_71\bin;G:\Anaconda3;G:\Anaconda3\Scripts;G:\Anaconda3\Library\bin;C:\Ruby22-x64\bin;C:\Program Files\Java\jdk1.7.0_17\bin; C:\MinGW\bin; C:\MinGW\msys\1.0\bin
USERNAME=Russell
OS=Windows_NT
PROCESSOR_IDENTIFIER=AMD64 Family 21 Model 1 Stepping 2, AuthenticAMD



---------------  S Y S T E M  ---------------

OS: Windows 10.0 , 64 bit Build 10586 (10.0.10586.0)

CPU:total 8 (8 cores per cpu, 1 threads per core) family 21 model 1 stepping 2, cmov, cx8, fxsr, mmx, sse, sse2, sse3, ssse3, sse4.1, sse4.2, popcnt, avx, aes, clmul, mmxext, 3dnowpref, lzcnt, sse4a, tsc, tscinvbit, tscinv

Memory: 4k page, physical 16721232k(5544476k free), swap 16721232k(5304k free)

vm_info: Java HotSpot(TM) 64-Bit Server VM (25.45-b02) for windows-amd64 JRE (1.8.0_45-b15), built on Apr 30 2015 12:40:44 by "java_re" with MS VC++ 10.0 (VS2010)

time: Tue Mar 22 19:47:04 2016
elapsed time: 6 seconds (0d 0h 0m 6s)

