#
# There is insufficient memory for the Java Runtime Environment to continue.
# Native memory allocation (malloc) failed to allocate 1349056 bytes for Chunk::new
# Possible reasons:
#   The system is out of physical RAM or swap space
#   In 32 bit mode, the process size limit was hit
# Possible solutions:
#   Reduce memory load on the system
#   Increase physical memory or swap space
#   Check if swap backing store is full
#   Use 64 bit Java on a 64 bit OS
#   Decrease Java heap size (-Xmx/-Xms)
#   Decrease number of Java threads
#   Decrease Java thread stack sizes (-Xss)
#   Set larger code cache with -XX:ReservedCodeCacheSize=
# This output file may be truncated or incomplete.
#
#  Out of Memory Error (allocation.cpp:390), pid=16544, tid=17312
#
# JRE version: Java(TM) SE Runtime Environment (8.0_45-b15) (build 1.8.0_45-b15)
# Java VM: Java HotSpot(TM) 64-Bit Server VM (25.45-b02 mixed mode windows-amd64 compressed oops)
# Failed to write core dump. Minidumps are not enabled by default on client versions of Windows
#

---------------  T H R E A D  ---------------

Current thread (0x0000000016bb3000):  JavaThread "C2 CompilerThread2" daemon [_thread_in_native, id=17312, stack(0x0000000017380000,0x0000000017480000)]

Stack: [0x0000000017380000,0x0000000017480000]
Native frames: (J=compiled Java code, j=interpreted, Vv=VM code, C=native code)
V  [jvm.dll+0x32b57a]
V  [jvm.dll+0x279873]
V  [jvm.dll+0x27a509]
V  [jvm.dll+0x271825]
V  [jvm.dll+0xcb9e2]
V  [jvm.dll+0xcbeac]
V  [jvm.dll+0x476ef2]
V  [jvm.dll+0x4b955f]
V  [jvm.dll+0x46b6b5]
V  [jvm.dll+0x46ccbe]
V  [jvm.dll+0x4500f2]
V  [jvm.dll+0xa4352]
V  [jvm.dll+0xa4c8f]
V  [jvm.dll+0x241984]
V  [jvm.dll+0x29853a]
C  [msvcr100.dll+0x21d9f]
C  [msvcr100.dll+0x21e3b]
C  [KERNEL32.DLL+0x18102]
C  [ntdll.dll+0x5c5b4]


Current CompileTask:
C2:   8167 2755       4       com.android.dx.dex.code.DalvCode::getInsns (9 bytes)


---------------  P R O C E S S  ---------------

Java Threads: ( => current thread )
  0x0000000016c52000 JavaThread "Service Thread" daemon [_thread_blocked, id=5860, stack(0x0000000017580000,0x0000000017680000)]
  0x0000000016bd9000 JavaThread "C1 CompilerThread3" daemon [_thread_blocked, id=17272, stack(0x0000000017480000,0x0000000017580000)]
=>0x0000000016bb3000 JavaThread "C2 CompilerThread2" daemon [_thread_in_native, id=17312, stack(0x0000000017380000,0x0000000017480000)]
  0x0000000016baa800 JavaThread "C2 CompilerThread1" daemon [_thread_in_native, id=17116, stack(0x0000000017280000,0x0000000017380000)]
  0x0000000016ba7000 JavaThread "C2 CompilerThread0" daemon [_thread_in_native, id=16964, stack(0x0000000017180000,0x0000000017280000)]
  0x0000000016ba4800 JavaThread "Attach Listener" daemon [_thread_blocked, id=3884, stack(0x0000000017080000,0x0000000017180000)]
  0x0000000016ba3800 JavaThread "Signal Dispatcher" daemon [_thread_blocked, id=16800, stack(0x0000000016f80000,0x0000000017080000)]
  0x000000000202a000 JavaThread "Finalizer" daemon [_thread_blocked, id=16952, stack(0x0000000016a80000,0x0000000016b80000)]
  0x0000000002023000 JavaThread "Reference Handler" daemon [_thread_blocked, id=16660, stack(0x0000000016980000,0x0000000016a80000)]
  0x000000000208e000 JavaThread "main" [_thread_in_Java, id=1688, stack(0x00000000006b0000,0x00000000007b0000)]

Other Threads:
  0x0000000014ba9000 VMThread [stack: 0x0000000016880000,0x0000000016980000] [id=12508]
  0x0000000016c52800 WatcherThread [stack: 0x0000000017680000,0x0000000017780000] [id=16608]

VM state:not at safepoint (normal execution)

VM Mutex/Monitor currently owned by a thread: None

Heap:
 PSYoungGen      total 141824K, used 98230K [0x00000000eab00000, 0x00000000f4000000, 0x0000000100000000)
  eden space 131072K, 66% used [0x00000000eab00000,0x00000000f0070788,0x00000000f2b00000)
  from space 10752K, 99% used [0x00000000f3580000,0x00000000f3ffd250,0x00000000f4000000)
  to   space 10752K, 0% used [0x00000000f2b00000,0x00000000f2b00000,0x00000000f3580000)
 ParOldGen       total 175104K, used 29370K [0x00000000c0000000, 0x00000000cab00000, 0x00000000eab00000)
  object space 175104K, 16% used [0x00000000c0000000,0x00000000c1cae8d0,0x00000000cab00000)
 Metaspace       used 6801K, capacity 7632K, committed 7936K, reserved 1056768K
  class space    used 613K, capacity 648K, committed 768K, reserved 1048576K

Card table byte_map: [0x0000000011450000,0x0000000011660000] byte_map_base: 0x0000000010e50000

Marking Bits: (ParMarkBitMap*) 0x000000005ad64040
 Begin Bits: [0x0000000011fc0000, 0x0000000012fc0000)
 End Bits:   [0x0000000012fc0000, 0x0000000013fc0000)

Polling page: 0x00000000007b0000

CodeCache: size=245760Kb used=12087Kb max_used=12099Kb free=233672Kb
 bounds [0x0000000002090000, 0x0000000002c70000, 0x0000000011090000]
 total_blobs=2978 nmethods=2708 adapters=183
 compilation: enabled

Compilation events (10 events):
Event: 8.120 Thread 0x0000000016bd9000 nmethod 2767 0x0000000002c4f9d0 code [0x0000000002c4fba0, 0x0000000002c503e8]
Event: 8.121 Thread 0x0000000016bd9000 2768       3       com.android.dx.rop.code.RegisterSpecList::getWordCount (33 bytes)
Event: 8.121 Thread 0x0000000016bd9000 nmethod 2768 0x0000000002c50790 code [0x0000000002c50960, 0x0000000002c51308]
Event: 8.121 Thread 0x0000000016bd9000 2769       3       com.android.dx.dex.code.form.Form22c::writeTo (45 bytes)
Event: 8.122 Thread 0x0000000016bd9000 nmethod 2769 0x0000000002c51710 code [0x0000000002c51920, 0x0000000002c524a8]
Event: 8.126 Thread 0x0000000016bd9000 2770       3       com.android.dx.dex.file.CodeItem::writeTo0 (489 bytes)
Event: 8.130 Thread 0x0000000016baa800 nmethod 2751 0x0000000002c56910 code [0x0000000002c56ae0, 0x0000000002c57e48]
Event: 8.130 Thread 0x0000000016baa800 2760       4       com.android.dx.dex.code.DalvInsnList::codeSize (24 bytes)
Event: 8.131 Thread 0x0000000016baa800 nmethod 2760 0x0000000002c44e10 code [0x0000000002c44f60, 0x0000000002c45098]
Event: 8.132 Thread 0x0000000016bd9000 nmethod 2770 0x0000000002c59150 code [0x0000000002c59ae0, 0x0000000002c60348]

GC Heap History (8 events):
Event: 2.317 GC heap before
{Heap before GC invocations=1 (full 0):
 PSYoungGen      total 76288K, used 65536K [0x00000000eab00000, 0x00000000f0000000, 0x0000000100000000)
  eden space 65536K, 100% used [0x00000000eab00000,0x00000000eeb00000,0x00000000eeb00000)
  from space 10752K, 0% used [0x00000000ef580000,0x00000000ef580000,0x00000000f0000000)
  to   space 10752K, 0% used [0x00000000eeb00000,0x00000000eeb00000,0x00000000ef580000)
 ParOldGen       total 175104K, used 0K [0x00000000c0000000, 0x00000000cab00000, 0x00000000eab00000)
  object space 175104K, 0% used [0x00000000c0000000,0x00000000c0000000,0x00000000cab00000)
 Metaspace       used 6111K, capacity 7024K, committed 7296K, reserved 1056768K
  class space    used 589K, capacity 616K, committed 640K, reserved 1048576K
Event: 2.354 GC heap after
Heap after GC invocations=1 (full 0):
 PSYoungGen      total 76288K, used 10722K [0x00000000eab00000, 0x00000000f0000000, 0x0000000100000000)
  eden space 65536K, 0% used [0x00000000eab00000,0x00000000eab00000,0x00000000eeb00000)
  from space 10752K, 99% used [0x00000000eeb00000,0x00000000ef578b30,0x00000000ef580000)
  to   space 10752K, 0% used [0x00000000ef580000,0x00000000ef580000,0x00000000f0000000)
 ParOldGen       total 175104K, used 292K [0x00000000c0000000, 0x00000000cab00000, 0x00000000eab00000)
  object space 175104K, 0% used [0x00000000c0000000,0x00000000c00491a0,0x00000000cab00000)
 Metaspace       used 6111K, capacity 7024K, committed 7296K, reserved 1056768K
  class space    used 589K, capacity 616K, committed 640K, reserved 1048576K
}
Event: 3.058 GC heap before
{Heap before GC invocations=2 (full 0):
 PSYoungGen      total 76288K, used 76258K [0x00000000eab00000, 0x00000000f0000000, 0x0000000100000000)
  eden space 65536K, 100% used [0x00000000eab00000,0x00000000eeb00000,0x00000000eeb00000)
  from space 10752K, 99% used [0x00000000eeb00000,0x00000000ef578b30,0x00000000ef580000)
  to   space 10752K, 0% used [0x00000000ef580000,0x00000000ef580000,0x00000000f0000000)
 ParOldGen       total 175104K, used 292K [0x00000000c0000000, 0x00000000cab00000, 0x00000000eab00000)
  object space 175104K, 0% used [0x00000000c0000000,0x00000000c00491a0,0x00000000cab00000)
 Metaspace       used 6220K, capacity 7088K, committed 7296K, reserved 1056768K
  class space    used 590K, capacity 616K, committed 640K, reserved 1048576K
Event: 3.140 GC heap after
Heap after GC invocations=2 (full 0):
 PSYoungGen      total 76288K, used 10747K [0x00000000eab00000, 0x00000000f4000000, 0x0000000100000000)
  eden space 65536K, 0% used [0x00000000eab00000,0x00000000eab00000,0x00000000eeb00000)
  from space 10752K, 99% used [0x00000000ef580000,0x00000000efffeda8,0x00000000f0000000)
  to   space 10752K, 0% used [0x00000000eeb00000,0x00000000eeb00000,0x00000000ef580000)
 ParOldGen       total 175104K, used 9140K [0x00000000c0000000, 0x00000000cab00000, 0x00000000eab00000)
  object space 175104K, 5% used [0x00000000c0000000,0x00000000c08ed0f8,0x00000000cab00000)
 Metaspace       used 6220K, capacity 7088K, committed 7296K, reserved 1056768K
  class space    used 590K, capacity 616K, committed 640K, reserved 1048576K
}
Event: 3.396 GC heap before
{Heap before GC invocations=3 (full 0):
 PSYoungGen      total 76288K, used 76283K [0x00000000eab00000, 0x00000000f4000000, 0x0000000100000000)
  eden space 65536K, 100% used [0x00000000eab00000,0x00000000eeb00000,0x00000000eeb00000)
  from space 10752K, 99% used [0x00000000ef580000,0x00000000efffeda8,0x00000000f0000000)
  to   space 10752K, 0% used [0x00000000eeb00000,0x00000000eeb00000,0x00000000ef580000)
 ParOldGen       total 175104K, used 9140K [0x00000000c0000000, 0x00000000cab00000, 0x00000000eab00000)
  object space 175104K, 5% used [0x00000000c0000000,0x00000000c08ed0f8,0x00000000cab00000)
 Metaspace       used 6277K, capacity 7152K, committed 7296K, reserved 1056768K
  class space    used 591K, capacity 616K, committed 640K, reserved 1048576K
Event: 3.594 GC heap after
Heap after GC invocations=3 (full 0):
 PSYoungGen      total 76288K, used 10746K [0x00000000eab00000, 0x00000000f4000000, 0x0000000100000000)
  eden space 65536K, 0% used [0x00000000eab00000,0x00000000eab00000,0x00000000eeb00000)
  from space 10752K, 99% used [0x00000000eeb00000,0x00000000ef57eb08,0x00000000ef580000)
  to   space 10752K, 0% used [0x00000000f3580000,0x00000000f3580000,0x00000000f4000000)
 ParOldGen       total 175104K, used 20179K [0x00000000c0000000, 0x00000000cab00000, 0x00000000eab00000)
  object space 175104K, 11% used [0x00000000c0000000,0x00000000c13b4ea8,0x00000000cab00000)
 Metaspace       used 6277K, capacity 7152K, committed 7296K, reserved 1056768K
  class space    used 591K, capacity 616K, committed 640K, reserved 1048576K
}
Event: 4.413 GC heap before
{Heap before GC invocations=4 (full 0):
 PSYoungGen      total 76288K, used 76282K [0x00000000eab00000, 0x00000000f4000000, 0x0000000100000000)
  eden space 65536K, 100% used [0x00000000eab00000,0x00000000eeb00000,0x00000000eeb00000)
  from space 10752K, 99% used [0x00000000eeb00000,0x00000000ef57eb08,0x00000000ef580000)
  to   space 10752K, 0% used [0x00000000f3580000,0x00000000f3580000,0x00000000f4000000)
 ParOldGen       total 175104K, used 20179K [0x00000000c0000000, 0x00000000cab00000, 0x00000000eab00000)
  object space 175104K, 11% used [0x00000000c0000000,0x00000000c13b4ea8,0x00000000cab00000)
 Metaspace       used 6316K, capacity 7152K, committed 7296K, reserved 1056768K
  class space    used 591K, capacity 616K, committed 640K, reserved 1048576K
Event: 4.656 GC heap after
Heap after GC invocations=4 (full 0):
 PSYoungGen      total 141824K, used 10740K [0x00000000eab00000, 0x00000000f4000000, 0x0000000100000000)
  eden space 131072K, 0% used [0x00000000eab00000,0x00000000eab00000,0x00000000f2b00000)
  from space 10752K, 99% used [0x00000000f3580000,0x00000000f3ffd250,0x00000000f4000000)
  to   space 10752K, 0% used [0x00000000f2b00000,0x00000000f2b00000,0x00000000f3580000)
 ParOldGen       total 175104K, used 29370K [0x00000000c0000000, 0x00000000cab00000, 0x00000000eab00000)
  object space 175104K, 16% used [0x00000000c0000000,0x00000000c1cae8d0,0x00000000cab00000)
 Metaspace       used 6316K, capacity 7152K, committed 7296K, reserved 1056768K
  class space    used 591K, capacity 616K, committed 640K, reserved 1048576K
}

Deoptimization events (10 events):
Event: 6.338 Thread 0x000000000208e000 Uncommon trap: reason=speculate_class_check action=maybe_recompile pc=0x00000000024207b8 method=com.android.dx.util.FixedSizeList.equals(Ljava/lang/Object;)Z @ 25
Event: 6.338 Thread 0x000000000208e000 Uncommon trap: reason=speculate_class_check action=maybe_recompile pc=0x00000000024207b8 method=com.android.dx.util.FixedSizeList.equals(Ljava/lang/Object;)Z @ 25
Event: 6.338 Thread 0x000000000208e000 Uncommon trap: reason=unstable_if action=reinterpret pc=0x000000000296ef18 method=java.util.TreeMap.put(Ljava/lang/Object;Ljava/lang/Object;)Ljava/lang/Object; @ 163
Event: 6.368 Thread 0x000000000208e000 Uncommon trap: reason=unstable_if action=reinterpret pc=0x0000000002ae67c0 method=com.android.dx.dex.code.OutputFinisher.findOpcodeForInsn(Lcom/android/dx/dex/code/DalvInsn;Lcom/android/dx/dex/code/Dop;)Lcom/android/dx/dex/code/Dop; @ 1
Event: 7.166 Thread 0x000000000208e000 Uncommon trap: reason=unstable_if action=reinterpret pc=0x0000000002ae6c28 method=com.android.dx.rop.code.RegisterSpec.matchesVariable(Lcom/android/dx/rop/code/RegisterSpec;)Z @ 59
Event: 7.170 Thread 0x000000000208e000 Uncommon trap: reason=unstable_if action=reinterpret pc=0x0000000002b624cc method=com.android.dx.rop.code.RegisterSpec.matchesVariable(Lcom/android/dx/rop/code/RegisterSpec;)Z @ 59
Event: 7.353 Thread 0x000000000208e000 Uncommon trap: reason=unstable_if action=reinterpret pc=0x0000000002b8845c method=com.android.dx.rop.code.RegisterSpec.matchesVariable(Lcom/android/dx/rop/code/RegisterSpec;)Z @ 59
Event: 7.359 Thread 0x000000000208e000 Uncommon trap: reason=unstable_if action=reinterpret pc=0x0000000002b5b530 method=com.android.dx.rop.code.RegisterSpec.matchesVariable(Lcom/android/dx/rop/code/RegisterSpec;)Z @ 59
Event: 7.439 Thread 0x000000000208e000 Uncommon trap: reason=unstable_if action=reinterpret pc=0x000000000296533c method=java.util.ArrayList.<init>(I)V @ 5
Event: 7.858 Thread 0x000000000208e000 Uncommon trap: reason=unstable_if action=reinterpret pc=0x0000000002bb5f44 method=com.android.dx.util.ByteArrayAnnotatedOutput.writeByte(I)V @ 13

Internal exceptions (4 events):
Event: 0.054 Thread 0x000000000208e000 Exception <a 'java/lang/NoSuchMethodError': Method sun.misc.Unsafe.defineClass(Ljava/lang/String;[BII)Ljava/lang/Class; name or signature does not match> (0x00000000eab0dbc8) thrown at [C:\re\workspace\8-2-build-windows-amd64-cygwin\jdk8u45\3627\hotspot\srà¸ýùSî«?
Event: 0.055 Thread 0x000000000208e000 Exception <a 'java/lang/NoSuchMethodError': Method sun.misc.Unsafe.prefetchRead(Ljava/lang/Object;J)V name or signature does not match> (0x00000000eab0de58) thrown at [C:\re\workspace\8-2-build-windows-amd64-cygwin\jdk8u45\3627\hotspot\src\share\vm\prims\jFX{øú?
Event: 1.686 Thread 0x0000000016e9e000 Implicit null exception at 0x0000000002443171 to 0x0000000002444fc1
Event: 2.807 Thread 0x00000000177f3000 Implicit null exception at 0x00000000026417f2 to 0x0000000002642a59

Events (10 events):
Event: 7.780 loading class com/android/dex/EncodedValueCodec done
Event: 7.845 loading class com/android/dx/dex/file/MapItem
Event: 7.845 loading class com/android/dx/dex/file/MapItem done
Event: 7.846 loading class com/android/dx/dex/file/UniformListItem
Event: 7.846 loading class com/android/dx/dex/file/UniformListItem done
Event: 7.857 loading class com/android/dex/DexFormat
Event: 7.857 loading class com/android/dex/DexFormat done
Event: 7.858 Thread 0x000000000208e000 Uncommon trap: trap_request=0xffffff65 fr.pc=0x0000000002bb5f44
Event: 7.858 Thread 0x000000000208e000 DEOPT PACKING pc=0x0000000002bb5f44 sp=0x00000000007af100
Event: 7.858 Thread 0x000000000208e000 DEOPT UNPACKING pc=0x00000000020d582a sp=0x00000000007af0b8 mode 2


Dynamic libraries:
0x00007ff773fd0000 - 0x00007ff774007000 	C:\Program Files\Java\jdk1.8.0_45\bin\java.exe
0x00007ffcc1b80000 - 0x00007ffcc1d41000 	C:\WINDOWS\SYSTEM32\ntdll.dll
0x00007ffcc0400000 - 0x00007ffcc04ad000 	C:\WINDOWS\system32\KERNEL32.DLL
0x00007ffcb09d0000 - 0x00007ffcb0a02000 	C:\Program Files (x86)\AVG\Av\avghooka.dll
0x00007ffcbd9f0000 - 0x00007ffcbdbd8000 	C:\WINDOWS\system32\KERNELBASE.dll
0x00007ffcbdef0000 - 0x00007ffcbdf97000 	C:\WINDOWS\system32\ADVAPI32.dll
0x00007ffcbdc00000 - 0x00007ffcbdc9d000 	C:\WINDOWS\system32\msvcrt.dll
0x00007ffcbdd00000 - 0x00007ffcbdd5b000 	C:\WINDOWS\system32\sechost.dll
0x00007ffcbe430000 - 0x00007ffcbe54c000 	C:\WINDOWS\system32\RPCRT4.dll
0x00007ffcc0010000 - 0x00007ffcc0166000 	C:\WINDOWS\system32\USER32.dll
0x00007ffcbe2a0000 - 0x00007ffcbe426000 	C:\WINDOWS\system32\GDI32.dll
0x00007ffcb9470000 - 0x00007ffcb96e4000 	C:\WINDOWS\WinSxS\amd64_microsoft.windows.common-controls_6595b64144ccf1df_6.0.10586.0_none_8c15ae12515e1c22\COMCTL32.dll
0x00007ffcc0170000 - 0x00007ffcc03ed000 	C:\WINDOWS\system32\combase.dll
0x00007ffcbd190000 - 0x00007ffcbd1fa000 	C:\WINDOWS\system32\bcryptPrimitives.dll
0x00007ffcbdca0000 - 0x00007ffcbdcdb000 	C:\WINDOWS\system32\IMM32.DLL
0x000000005b050000 - 0x000000005b122000 	C:\Program Files\Java\jdk1.8.0_45\jre\bin\msvcr100.dll
0x000000005a560000 - 0x000000005ade3000 	C:\Program Files\Java\jdk1.8.0_45\jre\bin\server\jvm.dll
0x00007ffcbdee0000 - 0x00007ffcbdee8000 	C:\WINDOWS\system32\PSAPI.DLL
0x00007ffcb0b70000 - 0x00007ffcb0b79000 	C:\WINDOWS\SYSTEM32\WSOCK32.dll
0x00007ffcbffa0000 - 0x00007ffcc000b000 	C:\WINDOWS\system32\WS2_32.dll
0x00007ffcba1a0000 - 0x00007ffcba1c3000 	C:\WINDOWS\SYSTEM32\WINMM.dll
0x00007ffcb9850000 - 0x00007ffcb985a000 	C:\WINDOWS\SYSTEM32\VERSION.dll
0x00007ffcba140000 - 0x00007ffcba16c000 	C:\WINDOWS\SYSTEM32\WINMMBASE.dll
0x00007ffcbd2c0000 - 0x00007ffcbd303000 	C:\WINDOWS\system32\cfgmgr32.dll
0x000000005b4c0000 - 0x000000005b4cf000 	C:\Program Files\Java\jdk1.8.0_45\jre\bin\verify.dll
0x000000005b490000 - 0x000000005b4b9000 	C:\Program Files\Java\jdk1.8.0_45\jre\bin\java.dll
0x000000005b470000 - 0x000000005b486000 	C:\Program Files\Java\jdk1.8.0_45\jre\bin\zip.dll
0x00007ffcbea40000 - 0x00007ffcbff9c000 	C:\WINDOWS\system32\SHELL32.dll
0x00007ffcbd310000 - 0x00007ffcbd955000 	C:\WINDOWS\system32\windows.storage.dll
0x00007ffcbe550000 - 0x00007ffcbe5a2000 	C:\WINDOWS\system32\shlwapi.dll
0x00007ffcbce90000 - 0x00007ffcbce9f000 	C:\WINDOWS\system32\kernel.appcore.dll
0x00007ffcbd200000 - 0x00007ffcbd2b5000 	C:\WINDOWS\system32\shcore.dll
0x00007ffcbce40000 - 0x00007ffcbce8b000 	C:\WINDOWS\system32\powrprof.dll
0x00007ffcbce20000 - 0x00007ffcbce34000 	C:\WINDOWS\system32\profapi.dll
0x00007ffc9cec0000 - 0x00007ffc9d04c000 	C:\WINDOWS\SYSTEM32\dbghelp.dll

VM Arguments:
jvm_args: -Djava.awt.headless=true -Xmx1024M -Dfile.encoding=windows-1252 -Duser.country=US -Duser.language=en -Duser.variant 
java_command: com.android.dx.command.Main --dex --num-threads=4 --output C:\Users\Russell\git\Decisionator\app\build\intermediates\pre-dexed\debug\aws-android-sdk-core-2.2.12_03f6db99c2688cbf6ca05e511166c9ff0fa8a1e9.jar C:\Users\Russell\git\Decisionator\app\libs\aws-android-sdk-core-2.2.12.jar
java_class_path (initial): G:\Android\sdk\build-tools\23.0.2\lib\dx.jar
Launcher Type: SUN_STANDARD

Environment Variables:
JAVA_HOME=C:\Program Files\Java\jdk1.8.0_45
CLASSPATH=C:\Program Files\Java\jdk1.7.0_17;C:\Program Files\Java\jre7\bin;.
PATH=G:\Python;C:\ProgramData\Oracle\Java\javapath;C:\Program Files\Java\jdk1.7.0_17\bin; C:\MinGW\bin; C:\MinGW\msys\1.0\bin;C:\Program Files (x86)\Windows Kits\8.1\Windows Performance Toolkit\;C:\Program Files\Microsoft SQL Server\110\Tools\Binn\;C:\Program Files (x86)\Microsoft SDKs\TypeScript\1.0\;C:\Program Files (x86)\Vim\vim74;C:\Program Files (x86)\Microsoft SQL Server\110\Tools\Binn\ManagementStudio\;C:\Program Files (x86)\Microsoft SQL Server\110\Tools\Binn\;C:\Program Files (x86)\Microsoft SQL Server\110\DTS\Binn\;C:\Program Files\Microsoft SQL Server\110\DTS\Binn\;C:\Program Files (x86)\Microsoft SQL Server\100\Tools\Binn\VSShell\Common7\IDE\;C:\Program Files (x86)\Microsoft SQL Server\100\Tools\Binn\;C:\Program Files\Microsoft SQL Server\100\Tools\Binn\;C:\Program Files (x86)\Microsoft SQL Server\100\DTS\Binn\;C:\Program Files\Microsoft\Web Platform Installer\;C:\Program Files\MySQL\MySQL Server 5.1\bin;G:\Perforce;C:\Program Files\Microsoft SQL Server\100\DTS\Binn\;C:\Program Files (x86)\NVIDIA Corporation\PhysX\Common;C:\Program Files\TortoiseHg\;C:\WINDOWS\system32;C:\WINDOWS;C:\WINDOWS\System32\Wbem;C:\WINDOWS\System32\WindowsPowerShell\v1.0\;C:\Program Files\Git\cmd;C:\Program Files\Git\mingw64\bin;C:\Program Files\Git\usr\bin;C:\Python27;G:\erl7.1\bin;C:\Program Files\Java\jre1.8.0_71\bin;G:\Anaconda3;G:\Anaconda3\Scripts;G:\Anaconda3\Library\bin;C:\Ruby22-x64\bin;C:\Program Files\Java\jdk1.7.0_17\bin; C:\MinGW\bin; C:\MinGW\msys\1.0\bin
USERNAME=Russell
OS=Windows_NT
PROCESSOR_IDENTIFIER=AMD64 Family 21 Model 1 Stepping 2, AuthenticAMD



---------------  S Y S T E M  ---------------

OS: Windows 10.0 , 64 bit Build 10586 (10.0.10586.0)

CPU:total 8 (8 cores per cpu, 1 threads per core) family 21 model 1 stepping 2, cmov, cx8, fxsr, mmx, sse, sse2, sse3, ssse3, sse4.1, sse4.2, popcnt, avx, aes, clmul, mmxext, 3dnowpref, lzcnt, sse4a, tsc, tscinvbit, tscinv

Memory: 4k page, physical 16721232k(4809908k free), swap 16721232k(5164k free)

vm_info: Java HotSpot(TM) 64-Bit Server VM (25.45-b02) for windows-amd64 JRE (1.8.0_45-b15), built on Apr 30 2015 12:40:44 by "java_re" with MS VC++ 10.0 (VS2010)

time: Tue Mar 22 19:35:49 2016
elapsed time: 8 seconds (0d 0h 0m 8s)

