#
# There is insufficient memory for the Java Runtime Environment to continue.
# Native memory allocation (malloc) failed to allocate 156656 bytes for Chunk::new
# Possible reasons:
#   The system is out of physical RAM or swap space
#   In 32 bit mode, the process size limit was hit
# Possible solutions:
#   Reduce memory load on the system
#   Increase physical memory or swap space
#   Check if swap backing store is full
#   Use 64 bit Java on a 64 bit OS
#   Decrease Java heap size (-Xmx/-Xms)
#   Decrease number of Java threads
#   Decrease Java thread stack sizes (-Xss)
#   Set larger code cache with -XX:ReservedCodeCacheSize=
# This output file may be truncated or incomplete.
#
#  Out of Memory Error (allocation.cpp:390), pid=16060, tid=16468
#
# JRE version: Java(TM) SE Runtime Environment (8.0_45-b15) (build 1.8.0_45-b15)
# Java VM: Java HotSpot(TM) 64-Bit Server VM (25.45-b02 mixed mode windows-amd64 compressed oops)
# Failed to write core dump. Minidumps are not enabled by default on client versions of Windows
#

---------------  T H R E A D  ---------------

Current thread (0x0000000016c3c800):  JavaThread "C2 CompilerThread1" daemon [_thread_in_native, id=16468, stack(0x0000000017310000,0x0000000017410000)]

Stack: [0x0000000017310000,0x0000000017410000]
Native frames: (J=compiled Java code, j=interpreted, Vv=VM code, C=native code)
V  [jvm.dll+0x32b57a]


Current CompileTask:
C2:   7028 1527   !   4       com.android.dx.cf.code.RopperMachine::run (1550 bytes)


---------------  P R O C E S S  ---------------

Java Threads: ( => current thread )
  0x0000000016f24800 JavaThread "pool-1-thread-4" [_thread_blocked, id=16044, stack(0x0000000017c10000,0x0000000017d10000)]
  0x0000000016f23800 JavaThread "pool-1-thread-3" [_thread_blocked, id=12524, stack(0x0000000017b10000,0x0000000017c10000)]
  0x0000000016f23000 JavaThread "pool-1-thread-2" [_thread_blocked, id=16980, stack(0x0000000017a10000,0x0000000017b10000)]
  0x0000000016f20000 JavaThread "pool-2-thread-1" [_thread_blocked, id=16884, stack(0x0000000017910000,0x0000000017a10000)]
  0x0000000016f1d800 JavaThread "pool-1-thread-1" [_thread_in_Java, id=13504, stack(0x0000000017810000,0x0000000017910000)]
  0x0000000016ca8800 JavaThread "Service Thread" daemon [_thread_blocked, id=8880, stack(0x0000000017610000,0x0000000017710000)]
  0x0000000016c43800 JavaThread "C1 CompilerThread3" daemon [_thread_in_native, id=16688, stack(0x0000000017510000,0x0000000017610000)]
  0x0000000016c40800 JavaThread "C2 CompilerThread2" daemon [_thread_in_native, id=9544, stack(0x0000000017410000,0x0000000017510000)]
=>0x0000000016c3c800 JavaThread "C2 CompilerThread1" daemon [_thread_in_native, id=16468, stack(0x0000000017310000,0x0000000017410000)]
  0x0000000016c39000 JavaThread "C2 CompilerThread0" daemon [_thread_in_native, id=11576, stack(0x0000000017210000,0x0000000017310000)]
  0x0000000016c37000 JavaThread "Attach Listener" daemon [_thread_blocked, id=4620, stack(0x0000000017110000,0x0000000017210000)]
  0x0000000016c36000 JavaThread "Signal Dispatcher" daemon [_thread_blocked, id=868, stack(0x0000000017010000,0x0000000017110000)]
  0x0000000000c7d000 JavaThread "Finalizer" daemon [_thread_blocked, id=12452, stack(0x0000000016b10000,0x0000000016c10000)]
  0x0000000014c4d000 JavaThread "Reference Handler" daemon [_thread_blocked, id=11964, stack(0x0000000016a10000,0x0000000016b10000)]
  0x00000000009fe000 JavaThread "main" [_thread_in_vm, id=16852, stack(0x0000000000a80000,0x0000000000b80000)]

Other Threads:
  0x0000000014c48800 VMThread [stack: 0x0000000016910000,0x0000000016a10000] [id=16704]
  0x0000000016cae800 WatcherThread [stack: 0x0000000017710000,0x0000000017810000] [id=13260]

VM state:not at safepoint (normal execution)

VM Mutex/Monitor currently owned by a thread: None

Heap:
 PSYoungGen      total 76288K, used 13796K [0x00000000eab00000, 0x00000000f0000000, 0x0000000100000000)
  eden space 65536K, 4% used [0x00000000eab00000,0x00000000eadfb7f8,0x00000000eeb00000)
  from space 10752K, 99% used [0x00000000eeb00000,0x00000000ef57d820,0x00000000ef580000)
  to   space 10752K, 0% used [0x00000000ef580000,0x00000000ef580000,0x00000000f0000000)
 ParOldGen       total 175104K, used 108K [0x00000000c0000000, 0x00000000cab00000, 0x00000000eab00000)
  object space 175104K, 0% used [0x00000000c0000000,0x00000000c001b1d0,0x00000000cab00000)
 Metaspace       used 6146K, capacity 7024K, committed 7296K, reserved 1056768K
  class space    used 594K, capacity 616K, committed 640K, reserved 1048576K

Card table byte_map: [0x00000000114f0000,0x0000000011700000] byte_map_base: 0x0000000010ef0000

Marking Bits: (ParMarkBitMap*) 0x000000005ad64040
 Begin Bits: [0x0000000012060000, 0x0000000013060000)
 End Bits:   [0x0000000013060000, 0x0000000014060000)

Polling page: 0x0000000000520000

CodeCache: size=245760Kb used=6665Kb max_used=6665Kb free=239094Kb
 bounds [0x0000000002130000, 0x00000000027c0000, 0x0000000011130000]
 total_blobs=1867 nmethods=1595 adapters=185
 compilation: enabled

Compilation events (10 events):
Event: 6.416 Thread 0x0000000016c43800 nmethod 1596 0x00000000027ab890 code [0x00000000027abb20, 0x00000000027acc98]
Event: 7.021 Thread 0x0000000016c43800 1598       3       com.android.dx.rop.code.AccessFlags::isSynchronized (13 bytes)
Event: 7.022 Thread 0x0000000016c43800 nmethod 1598 0x00000000027ad490 code [0x00000000027ad5e0, 0x00000000027ad770]
Event: 7.022 Thread 0x0000000016c43800 1599       3       com.android.dx.dex.file.EncodedMethod::<init> (68 bytes)
Event: 7.022 Thread 0x0000000016c43800 nmethod 1599 0x00000000027ad810 code [0x00000000027ad9a0, 0x00000000027ade58]
Event: 7.022 Thread 0x0000000016c43800 1600       3       com.android.dx.dex.cf.AttributeTranslator::getMethodAnnotations (37 bytes)
Event: 7.023 Thread 0x0000000016c43800 nmethod 1600 0x00000000027ae010 code [0x00000000027ae300, 0x00000000027af8f8]
Event: 7.023 Thread 0x0000000016c43800 1603       2       com.android.dx.ssa.LocalVariableExtractor::processBlock (383 bytes)
Event: 7.026 Thread 0x0000000016c43800 nmethod 1603 0x00000000027b08d0 code [0x00000000027b0c40, 0x00000000027b1e78]
Event: 7.026 Thread 0x0000000016c43800 1602       3       sun.misc.VM::addFinalRefCount (24 bytes)

GC Heap History (2 events):
Event: 6.616 GC heap before
{Heap before GC invocations=1 (full 0):
 PSYoungGen      total 76288K, used 65536K [0x00000000eab00000, 0x00000000f0000000, 0x0000000100000000)
  eden space 65536K, 100% used [0x00000000eab00000,0x00000000eeb00000,0x00000000eeb00000)
  from space 10752K, 0% used [0x00000000ef580000,0x00000000ef580000,0x00000000f0000000)
  to   space 10752K, 0% used [0x00000000eeb00000,0x00000000eeb00000,0x00000000ef580000)
 ParOldGen       total 175104K, used 0K [0x00000000c0000000, 0x00000000cab00000, 0x00000000eab00000)
  object space 175104K, 0% used [0x00000000c0000000,0x00000000c0000000,0x00000000cab00000)
 Metaspace       used 6137K, capacity 7024K, committed 7296K, reserved 1056768K
  class space    used 594K, capacity 616K, committed 640K, reserved 1048576K
Event: 7.019 GC heap after
Heap after GC invocations=1 (full 0):
 PSYoungGen      total 76288K, used 10742K [0x00000000eab00000, 0x00000000f0000000, 0x0000000100000000)
  eden space 65536K, 0% used [0x00000000eab00000,0x00000000eab00000,0x00000000eeb00000)
  from space 10752K, 99% used [0x00000000eeb00000,0x00000000ef57d820,0x00000000ef580000)
  to   space 10752K, 0% used [0x00000000ef580000,0x00000000ef580000,0x00000000f0000000)
 ParOldGen       total 175104K, used 108K [0x00000000c0000000, 0x00000000cab00000, 0x00000000eab00000)
  object space 175104K, 0% used [0x00000000c0000000,0x00000000c001b1d0,0x00000000cab00000)
 Metaspace       used 6137K, capacity 7024K, committed 7296K, reserved 1056768K
  class space    used 594K, capacity 616K, committed 640K, reserved 1048576K
}

Deoptimization events (10 events):
Event: 5.712 Thread 0x0000000016f23800 Uncommon trap: reason=unstable_if action=reinterpret pc=0x00000000024e46e4 method=com.android.dx.rop.code.RegisterSpecSet.put(Lcom/android/dx/rop/code/RegisterSpec;)V @ 77
Event: 5.712 Thread 0x0000000016f23800 Uncommon trap: reason=unstable_if action=reinterpret pc=0x0000000002503fb4 method=com.android.dx.rop.code.RegisterSpecSet.put(Lcom/android/dx/rop/code/RegisterSpec;)V @ 77
Event: 5.717 Thread 0x0000000016f23800 Uncommon trap: reason=unstable_if action=reinterpret pc=0x000000000246fbdc method=com.android.dx.rop.cst.Constant.compareTo(Lcom/android/dx/rop/cst/Constant;)I @ 12
Event: 5.717 Thread 0x0000000016f23800 Uncommon trap: reason=class_check action=maybe_recompile pc=0x000000000258169c method=java.util.HashMap.putVal(ILjava/lang/Object;Ljava/lang/Object;ZZ)Ljava/lang/Object; @ 203
Event: 6.052 Thread 0x0000000016f1d800 Uncommon trap: reason=class_check action=maybe_recompile pc=0x000000000271b088 method=com.android.dx.rop.code.RegisterSpec.withSimpleType()Lcom/android/dx/rop/code/RegisterSpec; @ 21
Event: 6.070 Thread 0x0000000016f1d800 Uncommon trap: reason=class_check action=maybe_recompile pc=0x000000000271b088 method=com.android.dx.rop.code.RegisterSpec.withSimpleType()Lcom/android/dx/rop/code/RegisterSpec; @ 21
Event: 6.220 Thread 0x0000000016f24800 Uncommon trap: reason=class_check action=maybe_recompile pc=0x000000000271b088 method=com.android.dx.rop.code.RegisterSpec.withSimpleType()Lcom/android/dx/rop/code/RegisterSpec; @ 21
Event: 6.399 Thread 0x0000000016f23800 Uncommon trap: reason=class_check action=maybe_recompile pc=0x00000000026823ec method=com.android.dx.cf.code.BytecodeArray.parseInstruction(ILcom/android/dx/cf/code/BytecodeArray$Visitor;)I @ 987
Event: 6.401 Thread 0x0000000016f23800 Uncommon trap: reason=class_check action=maybe_recompile pc=0x00000000026823ec method=com.android.dx.cf.code.BytecodeArray.parseInstruction(ILcom/android/dx/cf/code/BytecodeArray$Visitor;)I @ 987
Event: 7.022 Thread 0x0000000016f23800 Uncommon trap: reason=class_check action=maybe_recompile pc=0x000000000271b088 method=com.android.dx.rop.code.RegisterSpec.withSimpleType()Lcom/android/dx/rop/code/RegisterSpec; @ 21

Internal exceptions (5 events):
Event: 0.063 Thread 0x00000000009fe000 Exception <a 'java/lang/NoSuchMethodError': Method sun.misc.Unsafe.defineClass(Ljava/lang/String;[BII)Ljava/lang/Class; name or signature does not match> (0x00000000eab0d9c0) thrown at [C:\re\workspace\8-2-build-windows-amd64-cygwin\jdk8u45\3627\hotspot\srñ™*4°?
Event: 0.063 Thread 0x00000000009fe000 Exception <a 'java/lang/NoSuchMethodError': Method sun.misc.Unsafe.prefetchRead(Ljava/lang/Object;J)V name or signature does not match> (0x00000000eab0dc50) thrown at [C:\re\workspace\8-2-build-windows-amd64-cygwin\jdk8u45\3627\hotspot\src\share\vm\prims\jké“É#'@
Event: 4.288 Thread 0x0000000016f23000 Implicit null exception at 0x00000000024c345c to 0x00000000024c5855
Event: 4.288 Thread 0x0000000016f23000 Implicit null exception at 0x00000000024cef7f to 0x00000000024d127d
Event: 5.196 Thread 0x0000000016f23800 Implicit null exception at 0x00000000024dbf22 to 0x00000000024dc012

Events (10 events):
Event: 6.399 Thread 0x0000000016f23800 DEOPT PACKING pc=0x00000000026823ec sp=0x0000000017c0ec60
Event: 6.399 Thread 0x0000000016f23800 DEOPT UNPACKING pc=0x000000000217582a sp=0x0000000017c0ebf0 mode 2
Event: 6.401 Thread 0x0000000016f23800 Uncommon trap: trap_request=0xffffffde fr.pc=0x00000000026823ec
Event: 6.401 Thread 0x0000000016f23800 DEOPT PACKING pc=0x00000000026823ec sp=0x0000000017c0ec60
Event: 6.401 Thread 0x0000000016f23800 DEOPT UNPACKING pc=0x000000000217582a sp=0x0000000017c0ebf0 mode 2
Event: 6.417 Executing VM operation: ParallelGCFailedAllocation
Event: 7.019 Executing VM operation: ParallelGCFailedAllocation done
Event: 7.022 Thread 0x0000000016f23800 Uncommon trap: trap_request=0xffffffde fr.pc=0x000000000271b088
Event: 7.022 Thread 0x0000000016f23800 DEOPT PACKING pc=0x000000000271b088 sp=0x0000000017c0ec50
Event: 7.022 Thread 0x0000000016f23800 DEOPT UNPACKING pc=0x000000000217582a sp=0x0000000017c0ebb8 mode 2


Dynamic libraries:
0x00007ff773fd0000 - 0x00007ff774007000 	C:\Program Files\Java\jdk1.8.0_45\bin\java.exe
0x00007ffcc1b80000 - 0x00007ffcc1d41000 	C:\WINDOWS\SYSTEM32\ntdll.dll
0x00007ffcc0400000 - 0x00007ffcc04ad000 	C:\WINDOWS\system32\KERNEL32.DLL
0x00007ffcb09d0000 - 0x00007ffcb0a02000 	C:\Program Files (x86)\AVG\Av\avghooka.dll
0x00007ffcbd9f0000 - 0x00007ffcbdbd8000 	C:\WINDOWS\system32\KERNELBASE.dll
0x00007ffcbdef0000 - 0x00007ffcbdf97000 	C:\WINDOWS\system32\ADVAPI32.dll
0x00007ffcbdc00000 - 0x00007ffcbdc9d000 	C:\WINDOWS\system32\msvcrt.dll
0x00007ffcbdd00000 - 0x00007ffcbdd5b000 	C:\WINDOWS\system32\sechost.dll
0x00007ffcbe430000 - 0x00007ffcbe54c000 	C:\WINDOWS\system32\RPCRT4.dll
0x00007ffcc0010000 - 0x00007ffcc0166000 	C:\WINDOWS\system32\USER32.dll
0x00007ffcbe2a0000 - 0x00007ffcbe426000 	C:\WINDOWS\system32\GDI32.dll
0x00007ffcb9470000 - 0x00007ffcb96e4000 	C:\WINDOWS\WinSxS\amd64_microsoft.windows.common-controls_6595b64144ccf1df_6.0.10586.0_none_8c15ae12515e1c22\COMCTL32.dll
0x00007ffcc0170000 - 0x00007ffcc03ed000 	C:\WINDOWS\system32\combase.dll
0x00007ffcbd190000 - 0x00007ffcbd1fa000 	C:\WINDOWS\system32\bcryptPrimitives.dll
0x00007ffcbdca0000 - 0x00007ffcbdcdb000 	C:\WINDOWS\system32\IMM32.DLL
0x000000005b050000 - 0x000000005b122000 	C:\Program Files\Java\jdk1.8.0_45\jre\bin\msvcr100.dll
0x000000005a560000 - 0x000000005ade3000 	C:\Program Files\Java\jdk1.8.0_45\jre\bin\server\jvm.dll
0x00007ffcbdee0000 - 0x00007ffcbdee8000 	C:\WINDOWS\system32\PSAPI.DLL
0x00007ffcb0b70000 - 0x00007ffcb0b79000 	C:\WINDOWS\SYSTEM32\WSOCK32.dll
0x00007ffcbffa0000 - 0x00007ffcc000b000 	C:\WINDOWS\system32\WS2_32.dll
0x00007ffcba1a0000 - 0x00007ffcba1c3000 	C:\WINDOWS\SYSTEM32\WINMM.dll
0x00007ffcb9850000 - 0x00007ffcb985a000 	C:\WINDOWS\SYSTEM32\VERSION.dll
0x00007ffcba140000 - 0x00007ffcba16c000 	C:\WINDOWS\SYSTEM32\WINMMBASE.dll
0x00007ffcbd2c0000 - 0x00007ffcbd303000 	C:\WINDOWS\system32\cfgmgr32.dll
0x000000005b4c0000 - 0x000000005b4cf000 	C:\Program Files\Java\jdk1.8.0_45\jre\bin\verify.dll
0x000000005b490000 - 0x000000005b4b9000 	C:\Program Files\Java\jdk1.8.0_45\jre\bin\java.dll
0x000000005b470000 - 0x000000005b486000 	C:\Program Files\Java\jdk1.8.0_45\jre\bin\zip.dll
0x00007ffcbea40000 - 0x00007ffcbff9c000 	C:\WINDOWS\system32\SHELL32.dll
0x00007ffcbd310000 - 0x00007ffcbd955000 	C:\WINDOWS\system32\windows.storage.dll
0x00007ffcbe550000 - 0x00007ffcbe5a2000 	C:\WINDOWS\system32\shlwapi.dll
0x00007ffcbce90000 - 0x00007ffcbce9f000 	C:\WINDOWS\system32\kernel.appcore.dll
0x00007ffcbd200000 - 0x00007ffcbd2b5000 	C:\WINDOWS\system32\shcore.dll
0x00007ffcbce40000 - 0x00007ffcbce8b000 	C:\WINDOWS\system32\powrprof.dll
0x00007ffcbce20000 - 0x00007ffcbce34000 	C:\WINDOWS\system32\profapi.dll

VM Arguments:
jvm_args: -Djava.awt.headless=true -Xmx1024M -Dfile.encoding=windows-1252 -Duser.country=US -Duser.language=en -Duser.variant 
java_command: com.android.dx.command.Main --dex --num-threads=4 --output C:\Users\Russell\git\Decisionator\app\build\intermediates\pre-dexed\debug\com.facebook.android-facebook-android-sdk-4.10.0_5a90d507a96a7b0d21a36c21d6ba9af2c8c49d34.jar C:\Users\Russell\git\Decisionator\app\build\intermediates\exploded-aar\com.facebook.android\facebook-android-sdk\4.10.0\jars\classes.jar
java_class_path (initial): G:\Android\sdk\build-tools\23.0.2\lib\dx.jar
Launcher Type: SUN_STANDARD

Environment Variables:
JAVA_HOME=C:\Program Files\Java\jdk1.8.0_45
CLASSPATH=C:\Program Files\Java\jdk1.7.0_17;C:\Program Files\Java\jre7\bin;.
PATH=G:\Python;C:\ProgramData\Oracle\Java\javapath;C:\Program Files\Java\jdk1.7.0_17\bin; C:\MinGW\bin; C:\MinGW\msys\1.0\bin;C:\Program Files (x86)\Windows Kits\8.1\Windows Performance Toolkit\;C:\Program Files\Microsoft SQL Server\110\Tools\Binn\;C:\Program Files (x86)\Microsoft SDKs\TypeScript\1.0\;C:\Program Files (x86)\Vim\vim74;C:\Program Files (x86)\Microsoft SQL Server\110\Tools\Binn\ManagementStudio\;C:\Program Files (x86)\Microsoft SQL Server\110\Tools\Binn\;C:\Program Files (x86)\Microsoft SQL Server\110\DTS\Binn\;C:\Program Files\Microsoft SQL Server\110\DTS\Binn\;C:\Program Files (x86)\Microsoft SQL Server\100\Tools\Binn\VSShell\Common7\IDE\;C:\Program Files (x86)\Microsoft SQL Server\100\Tools\Binn\;C:\Program Files\Microsoft SQL Server\100\Tools\Binn\;C:\Program Files (x86)\Microsoft SQL Server\100\DTS\Binn\;C:\Program Files\Microsoft\Web Platform Installer\;C:\Program Files\MySQL\MySQL Server 5.1\bin;G:\Perforce;C:\Program Files\Microsoft SQL Server\100\DTS\Binn\;C:\Program Files (x86)\NVIDIA Corporation\PhysX\Common;C:\Program Files\TortoiseHg\;C:\WINDOWS\system32;C:\WINDOWS;C:\WINDOWS\System32\Wbem;C:\WINDOWS\System32\WindowsPowerShell\v1.0\;C:\Program Files\Git\cmd;C:\Program Files\Git\mingw64\bin;C:\Program Files\Git\usr\bin;C:\Python27;G:\erl7.1\bin;C:\Program Files\Java\jre1.8.0_71\bin;G:\Anaconda3;G:\Anaconda3\Scripts;G:\Anaconda3\Library\bin;C:\Ruby22-x64\bin;C:\Program Files\Java\jdk1.7.0_17\bin; C:\MinGW\bin; C:\MinGW\msys\1.0\bin
USERNAME=Russell
OS=Windows_NT
PROCESSOR_IDENTIFIER=AMD64 Family 21 Model 1 Stepping 2, AuthenticAMD



---------------  S Y S T E M  ---------------

OS: Windows 10.0 , 64 bit Build 10586 (10.0.10586.0)

CPU:total 8 (8 cores per cpu, 1 threads per core) family 21 model 1 stepping 2, cmov, cx8, fxsr, mmx, sse, sse2, sse3, ssse3, sse4.1, sse4.2, popcnt, avx, aes, clmul, mmxext, 3dnowpref, lzcnt, sse4a, tsc, tscinvbit, tscinv

Memory: 4k page, physical 16721232k(5534956k free), swap 16721232k(5176k free)

vm_info: Java HotSpot(TM) 64-Bit Server VM (25.45-b02) for windows-amd64 JRE (1.8.0_45-b15), built on Apr 30 2015 12:40:44 by "java_re" with MS VC++ 10.0 (VS2010)

time: Tue Mar 22 19:47:04 2016
elapsed time: 7 seconds (0d 0h 0m 7s)

