#
# There is insufficient memory for the Java Runtime Environment to continue.
# Native memory allocation (malloc) failed to allocate 32744 bytes for ChunkPool::allocate
# Possible reasons:
#   The system is out of physical RAM or swap space
#   In 32 bit mode, the process size limit was hit
# Possible solutions:
#   Reduce memory load on the system
#   Increase physical memory or swap space
#   Check if swap backing store is full
#   Use 64 bit Java on a 64 bit OS
#   Decrease Java heap size (-Xmx/-Xms)
#   Decrease number of Java threads
#   Decrease Java thread stack sizes (-Xss)
#   Set larger code cache with -XX:ReservedCodeCacheSize=
# This output file may be truncated or incomplete.
#
#  Out of Memory Error (allocation.cpp:273), pid=14356, tid=11532
#
# JRE version: Java(TM) SE Runtime Environment (8.0_45-b15) (build 1.8.0_45-b15)
# Java VM: Java HotSpot(TM) 64-Bit Server VM (25.45-b02 mixed mode windows-amd64 compressed oops)
# Failed to write core dump. Minidumps are not enabled by default on client versions of Windows
#

---------------  T H R E A D  ---------------

Current thread (0x0000000016d3a800):  JavaThread "C1 CompilerThread3" daemon [_thread_in_native, id=11532, stack(0x00000000175b0000,0x00000000176b0000)]

Stack: [0x00000000175b0000,0x00000000176b0000]
Native frames: (J=compiled Java code, j=interpreted, Vv=VM code, C=native code)
V  [jvm.dll+0x32b57a]


Current CompileTask:
C1:    304  111       3       sun.nio.cs.UTF_8$Decoder::
[error occurred during error reporting (printing current compile task), id 0xe0000001]


---------------  P R O C E S S  ---------------

Java Threads: ( => current thread )
  0x0000000016d43800 JavaThread "Service Thread" daemon [_thread_blocked, id=1872, stack(0x00000000176b0000,0x00000000177b0000)]
=>0x0000000016d3a800 JavaThread "C1 CompilerThread3" daemon [_thread_in_native, id=11532, stack(0x00000000175b0000,0x00000000176b0000)]
  0x0000000016d2d000 JavaThread "C2 CompilerThread2" daemon [_thread_blocked, id=16080, stack(0x00000000174b0000,0x00000000175b0000)]
  0x0000000016cda800 JavaThread "C2 CompilerThread1" daemon [_thread_blocked, id=5896, stack(0x00000000173b0000,0x00000000174b0000)]
  0x0000000016cd6800 JavaThread "C2 CompilerThread0" daemon [_thread_blocked, id=17272, stack(0x00000000172b0000,0x00000000173b0000)]
  0x0000000016cd4800 JavaThread "Attach Listener" daemon [_thread_blocked, id=17344, stack(0x00000000171b0000,0x00000000172b0000)]
  0x0000000016cd3800 JavaThread "Signal Dispatcher" daemon [_thread_blocked, id=13204, stack(0x00000000170b0000,0x00000000171b0000)]
  0x00000000020ea000 JavaThread "Finalizer" daemon [_thread_blocked, id=108, stack(0x0000000016bb0000,0x0000000016cb0000)]
  0x00000000020e3000 JavaThread "Reference Handler" daemon [_thread_blocked, id=11492, stack(0x0000000016ab0000,0x0000000016bb0000)]
  0x00000000021ce000 JavaThread "main" [_thread_in_Java, id=17236, stack(0x0000000000a20000,0x0000000000b20000)]

Other Threads:
  0x0000000014ce9000 VMThread [stack: 0x00000000169b0000,0x0000000016ab0000] [id=12736]
  0x0000000016d44800 WatcherThread [stack: 0x00000000177b0000,0x00000000178b0000] [id=8304]

VM state:not at safepoint (normal execution)

VM Mutex/Monitor currently owned by a thread: None

Heap:
 PSYoungGen      total 76288K, used 5247K [0x00000000eab00000, 0x00000000f0000000, 0x0000000100000000)
  eden space 65536K, 8% used [0x00000000eab00000,0x00000000eb01fe88,0x00000000eeb00000)
  from space 10752K, 0% used [0x00000000ef580000,0x00000000ef580000,0x00000000f0000000)
  to   space 10752K, 0% used [0x00000000eeb00000,0x00000000eeb00000,0x00000000ef580000)
 ParOldGen       total 175104K, used 0K [0x00000000c0000000, 0x00000000cab00000, 0x00000000eab00000)
  object space 175104K, 0% used [0x00000000c0000000,0x00000000c0000000,0x00000000cab00000)
 Metaspace       used 3350K, capacity 4720K, committed 4864K, reserved 1056768K
  class space    used 368K, capacity 424K, committed 512K, reserved 1048576K

Card table byte_map: [0x0000000011590000,0x00000000117a0000] byte_map_base: 0x0000000010f90000

Marking Bits: (ParMarkBitMap*) 0x000000005ad64040
 Begin Bits: [0x0000000012100000, 0x0000000013100000)
 End Bits:   [0x0000000013100000, 0x0000000014100000)

Polling page: 0x0000000000690000

CodeCache: size=245760Kb used=1265Kb max_used=1265Kb free=244494Kb
 bounds [0x00000000021d0000, 0x0000000002440000, 0x00000000111d0000]
 total_blobs=358 nmethods=110 adapters=162
 compilation: enabled

Compilation events (10 events):
Event: 0.292 Thread 0x0000000016d3a800 nmethod 104 0x000000000230a850 code [0x000000000230a9e0, 0x000000000230acb8]
Event: 0.292 Thread 0x0000000016d3a800  105       1       java.util.zip.ZipCoder::isUTF8 (5 bytes)
Event: 0.292 Thread 0x0000000016d3a800 nmethod 105 0x000000000230add0 code [0x000000000230af20, 0x000000000230b030]
Event: 0.292 Thread 0x0000000016d3a800  106       1       sun.util.calendar.CalendarDate::isStandardTime (5 bytes)
Event: 0.292 Thread 0x0000000016d3a800 nmethod 106 0x000000000230b090 code [0x000000000230b1e0, 0x000000000230b2f0]
Event: 0.292 Thread 0x0000000016d3a800  107       1       sun.util.calendar.BaseCalendar$Date::getCachedYear (5 bytes)
Event: 0.292 Thread 0x0000000016d3a800 nmethod 107 0x000000000230b350 code [0x000000000230b4a0, 0x000000000230b5b0]
Event: 0.294 Thread 0x0000000016d3a800  109       3       sun.util.calendar.ZoneInfo::getTransitionIndex (156 bytes)
Event: 0.294 Thread 0x0000000016d3a800 nmethod 109 0x000000000230b9d0 code [0x000000000230bb60, 0x000000000230c030]
Event: 0.297 Thread 0x0000000016d3a800  111       3       sun.nio.cs.UTF_8$Decoder::decode (779 bytes)

GC Heap History (0 events):
No events

Deoptimization events (0 events):
No events

Internal exceptions (2 events):
Event: 0.066 Thread 0x00000000021ce000 Exception <a 'java/lang/NoSuchMethodError': Method sun.misc.Unsafe.defineClass(Ljava/lang/String;[BII)Ljava/lang/Class; name or signature does not match> (0x00000000eab0dac8) thrown at [C:\re\workspace\8-2-build-windows-amd64-cygwin\jdk8u45\3627\hotspot\sr¢>%ÏPî°?
Event: 0.066 Thread 0x00000000021ce000 Exception <a 'java/lang/NoSuchMethodError': Method sun.misc.Unsafe.prefetchRead(Ljava/lang/Object;J)V name or signature does not match> (0x00000000eab0dd58) thrown at [C:\re\workspace\8-2-build-windows-amd64-cygwin\jdk8u45\3627\hotspot\src\share\vm\prims\j

Events (10 events):
Event: 0.284 loading class java/util/concurrent/LinkedBlockingQueue$Node
Event: 0.284 loading class java/util/concurrent/LinkedBlockingQueue$Node done
Event: 0.285 loading class com/android/dx/cf/direct/ClassPathOpener
Event: 0.285 loading class com/android/dx/cf/direct/ClassPathOpener done
Event: 0.287 loading class com/android/dx/cf/direct/ClassPathOpener$1
Event: 0.287 loading class com/android/dx/cf/direct/ClassPathOpener$1 done
Event: 0.287 loading class com/android/dx/command/dexer/Main$FileBytesConsumer
Event: 0.287 loading class com/android/dx/command/dexer/Main$FileBytesConsumer done
Event: 0.288 loading class java/util/zip/ZipFile$ZipEntryIterator
Event: 0.289 loading class java/util/zip/ZipFile$ZipEntryIterator done


Dynamic libraries:
0x00007ff773fd0000 - 0x00007ff774007000 	C:\Program Files\Java\jdk1.8.0_45\bin\java.exe
0x00007ffcc1b80000 - 0x00007ffcc1d41000 	C:\WINDOWS\SYSTEM32\ntdll.dll
0x00007ffcc0400000 - 0x00007ffcc04ad000 	C:\WINDOWS\system32\KERNEL32.DLL
0x00007ffcb09d0000 - 0x00007ffcb0a02000 	C:\Program Files (x86)\AVG\Av\avghooka.dll
0x00007ffcbd9f0000 - 0x00007ffcbdbd8000 	C:\WINDOWS\system32\KERNELBASE.dll
0x00007ffcbdef0000 - 0x00007ffcbdf97000 	C:\WINDOWS\system32\ADVAPI32.dll
0x00007ffcbdc00000 - 0x00007ffcbdc9d000 	C:\WINDOWS\system32\msvcrt.dll
0x00007ffcbdd00000 - 0x00007ffcbdd5b000 	C:\WINDOWS\system32\sechost.dll
0x00007ffcbe430000 - 0x00007ffcbe54c000 	C:\WINDOWS\system32\RPCRT4.dll
0x00007ffcc0010000 - 0x00007ffcc0166000 	C:\WINDOWS\system32\USER32.dll
0x00007ffcbe2a0000 - 0x00007ffcbe426000 	C:\WINDOWS\system32\GDI32.dll
0x00007ffcb9470000 - 0x00007ffcb96e4000 	C:\WINDOWS\WinSxS\amd64_microsoft.windows.common-controls_6595b64144ccf1df_6.0.10586.0_none_8c15ae12515e1c22\COMCTL32.dll
0x00007ffcc0170000 - 0x00007ffcc03ed000 	C:\WINDOWS\system32\combase.dll
0x00007ffcbd190000 - 0x00007ffcbd1fa000 	C:\WINDOWS\system32\bcryptPrimitives.dll
0x00007ffcbdca0000 - 0x00007ffcbdcdb000 	C:\WINDOWS\system32\IMM32.DLL
0x000000005b050000 - 0x000000005b122000 	C:\Program Files\Java\jdk1.8.0_45\jre\bin\msvcr100.dll
0x000000005a560000 - 0x000000005ade3000 	C:\Program Files\Java\jdk1.8.0_45\jre\bin\server\jvm.dll
0x00007ffcbdee0000 - 0x00007ffcbdee8000 	C:\WINDOWS\system32\PSAPI.DLL
0x00007ffcb0b70000 - 0x00007ffcb0b79000 	C:\WINDOWS\SYSTEM32\WSOCK32.dll
0x00007ffcbffa0000 - 0x00007ffcc000b000 	C:\WINDOWS\system32\WS2_32.dll
0x00007ffcba1a0000 - 0x00007ffcba1c3000 	C:\WINDOWS\SYSTEM32\WINMM.dll
0x00007ffcb9850000 - 0x00007ffcb985a000 	C:\WINDOWS\SYSTEM32\VERSION.dll
0x00007ffcba140000 - 0x00007ffcba16c000 	C:\WINDOWS\SYSTEM32\WINMMBASE.dll
0x00007ffcbd2c0000 - 0x00007ffcbd303000 	C:\WINDOWS\system32\cfgmgr32.dll
0x000000005b4c0000 - 0x000000005b4cf000 	C:\Program Files\Java\jdk1.8.0_45\jre\bin\verify.dll
0x000000005b490000 - 0x000000005b4b9000 	C:\Program Files\Java\jdk1.8.0_45\jre\bin\java.dll
0x000000005b470000 - 0x000000005b486000 	C:\Program Files\Java\jdk1.8.0_45\jre\bin\zip.dll
0x00007ffcbea40000 - 0x00007ffcbff9c000 	C:\WINDOWS\system32\SHELL32.dll
0x00007ffcbd310000 - 0x00007ffcbd955000 	C:\WINDOWS\system32\windows.storage.dll
0x00007ffcbe550000 - 0x00007ffcbe5a2000 	C:\WINDOWS\system32\shlwapi.dll
0x00007ffcbce90000 - 0x00007ffcbce9f000 	C:\WINDOWS\system32\kernel.appcore.dll
0x00007ffcbd200000 - 0x00007ffcbd2b5000 	C:\WINDOWS\system32\shcore.dll
0x00007ffcbce40000 - 0x00007ffcbce8b000 	C:\WINDOWS\system32\powrprof.dll
0x00007ffcbce20000 - 0x00007ffcbce34000 	C:\WINDOWS\system32\profapi.dll
0x00007ffc9cec0000 - 0x00007ffc9d04c000 	C:\WINDOWS\SYSTEM32\dbghelp.dll

VM Arguments:
jvm_args: -Djava.awt.headless=true -Xmx1024M -Dfile.encoding=windows-1252 -Duser.country=US -Duser.language=en -Duser.variant 
java_command: com.android.dx.command.Main --dex --num-threads=4 --output C:\Users\Russell\git\Decisionator\app\build\intermediates\pre-dexed\debug\com.android.support-support-v4-23.1.1_2d99f81629cf340ecc3eae409bd49ad4f2a209fe.jar C:\Users\Russell\git\Decisionator\app\build\intermediates\exploded-aar\com.android.support\support-v4\23.1.1\jars\classes.jar
java_class_path (initial): G:\Android\sdk\build-tools\23.0.2\lib\dx.jar
Launcher Type: SUN_STANDARD

Environment Variables:
JAVA_HOME=C:\Program Files\Java\jdk1.8.0_45
CLASSPATH=C:\Program Files\Java\jdk1.7.0_17;C:\Program Files\Java\jre7\bin;.
PATH=G:\Python;C:\ProgramData\Oracle\Java\javapath;C:\Program Files\Java\jdk1.7.0_17\bin; C:\MinGW\bin; C:\MinGW\msys\1.0\bin;C:\Program Files (x86)\Windows Kits\8.1\Windows Performance Toolkit\;C:\Program Files\Microsoft SQL Server\110\Tools\Binn\;C:\Program Files (x86)\Microsoft SDKs\TypeScript\1.0\;C:\Program Files (x86)\Vim\vim74;C:\Program Files (x86)\Microsoft SQL Server\110\Tools\Binn\ManagementStudio\;C:\Program Files (x86)\Microsoft SQL Server\110\Tools\Binn\;C:\Program Files (x86)\Microsoft SQL Server\110\DTS\Binn\;C:\Program Files\Microsoft SQL Server\110\DTS\Binn\;C:\Program Files (x86)\Microsoft SQL Server\100\Tools\Binn\VSShell\Common7\IDE\;C:\Program Files (x86)\Microsoft SQL Server\100\Tools\Binn\;C:\Program Files\Microsoft SQL Server\100\Tools\Binn\;C:\Program Files (x86)\Microsoft SQL Server\100\DTS\Binn\;C:\Program Files\Microsoft\Web Platform Installer\;C:\Program Files\MySQL\MySQL Server 5.1\bin;G:\Perforce;C:\Program Files\Microsoft SQL Server\100\DTS\Binn\;C:\Program Files (x86)\NVIDIA Corporation\PhysX\Common;C:\Program Files\TortoiseHg\;C:\WINDOWS\system32;C:\WINDOWS;C:\WINDOWS\System32\Wbem;C:\WINDOWS\System32\WindowsPowerShell\v1.0\;C:\Program Files\Git\cmd;C:\Program Files\Git\mingw64\bin;C:\Program Files\Git\usr\bin;C:\Python27;G:\erl7.1\bin;C:\Program Files\Java\jre1.8.0_71\bin;G:\Anaconda3;G:\Anaconda3\Scripts;G:\Anaconda3\Library\bin;C:\Ruby22-x64\bin;C:\Program Files\Java\jdk1.7.0_17\bin; C:\MinGW\bin; C:\MinGW\msys\1.0\bin
USERNAME=Russell
OS=Windows_NT
PROCESSOR_IDENTIFIER=AMD64 Family 21 Model 1 Stepping 2, AuthenticAMD



---------------  S Y S T E M  ---------------

OS: Windows 10.0 , 64 bit Build 10586 (10.0.10586.0)

CPU:total 8 (8 cores per cpu, 1 threads per core) family 21 model 1 stepping 2, cmov, cx8, fxsr, mmx, sse, sse2, sse3, ssse3, sse4.1, sse4.2, popcnt, avx, aes, clmul, mmxext, 3dnowpref, lzcnt, sse4a, tsc, tscinvbit, tscinv

Memory: 4k page, physical 16721232k(5253664k free), swap 16721232k(24k free)

vm_info: Java HotSpot(TM) 64-Bit Server VM (25.45-b02) for windows-amd64 JRE (1.8.0_45-b15), built on Apr 30 2015 12:40:44 by "java_re" with MS VC++ 10.0 (VS2010)

time: Tue Mar 22 19:46:39 2016
elapsed time: 0 seconds (0d 0h 0m 0s)

