#
# There is insufficient memory for the Java Runtime Environment to continue.
# Native memory allocation (malloc) failed to allocate 565056 bytes for Chunk::new
# Possible reasons:
#   The system is out of physical RAM or swap space
#   In 32 bit mode, the process size limit was hit
# Possible solutions:
#   Reduce memory load on the system
#   Increase physical memory or swap space
#   Check if swap backing store is full
#   Use 64 bit Java on a 64 bit OS
#   Decrease Java heap size (-Xmx/-Xms)
#   Decrease number of Java threads
#   Decrease Java thread stack sizes (-Xss)
#   Set larger code cache with -XX:ReservedCodeCacheSize=
# This output file may be truncated or incomplete.
#
#  Out of Memory Error (allocation.cpp:390), pid=6544, tid=9184
#
# JRE version: Java(TM) SE Runtime Environment (8.0_45-b15) (build 1.8.0_45-b15)
# Java VM: Java HotSpot(TM) 64-Bit Server VM (25.45-b02 mixed mode windows-amd64 compressed oops)
# Failed to write core dump. Minidumps are not enabled by default on client versions of Windows
#

---------------  T H R E A D  ---------------

Current thread (0x0000000016bbe800):  JavaThread "C2 CompilerThread2" daemon [_thread_in_native, id=9184, stack(0x0000000017390000,0x0000000017490000)]

Stack: [0x0000000017390000,0x0000000017490000]
Native frames: (J=compiled Java code, j=interpreted, Vv=VM code, C=native code)
V  [jvm.dll+0x32b57a]
V  [jvm.dll+0x279873]
V  [jvm.dll+0x27a509]
V  [jvm.dll+0x271825]
V  [jvm.dll+0xcb9e2]
V  [jvm.dll+0xcbeac]
V  [jvm.dll+0x476ef2]
V  [jvm.dll+0x4b955f]
V  [jvm.dll+0x46b92f]
V  [jvm.dll+0x46ccbe]
V  [jvm.dll+0x4500f2]
V  [jvm.dll+0xa4352]
V  [jvm.dll+0xa4c8f]
V  [jvm.dll+0x241984]
V  [jvm.dll+0x29853a]
C  [msvcr100.dll+0x21d9f]
C  [msvcr100.dll+0x21e3b]
C  [KERNEL32.DLL+0x18102]
C  [ntdll.dll+0x5c5b4]


Current CompileTask:
C2:   6880 1518       4       com.android.dx.cf.code.ValueAwareMachine::run (1142 bytes)


---------------  P R O C E S S  ---------------

Java Threads: ( => current thread )
  0x0000000016f39000 JavaThread "pool-1-thread-4" [_thread_blocked, id=3440, stack(0x0000000018390000,0x0000000018490000)]
  0x0000000016f38000 JavaThread "pool-1-thread-3" [_thread_blocked, id=10644, stack(0x0000000018290000,0x0000000018390000)]
  0x0000000016f0c000 JavaThread "pool-1-thread-2" [_thread_blocked, id=6648, stack(0x0000000018190000,0x0000000018290000)]
  0x0000000016ed2800 JavaThread "pool-2-thread-1" [_thread_blocked, id=640, stack(0x0000000018090000,0x0000000018190000)]
  0x0000000016ecf800 JavaThread "pool-1-thread-1" [_thread_in_Java, id=504, stack(0x0000000017f90000,0x0000000018090000)]
  0x0000000016bca000 JavaThread "Service Thread" daemon [_thread_blocked, id=3992, stack(0x0000000017590000,0x0000000017690000)]
  0x0000000016bc3800 JavaThread "C1 CompilerThread3" daemon [_thread_blocked, id=16896, stack(0x0000000017490000,0x0000000017590000)]
=>0x0000000016bbe800 JavaThread "C2 CompilerThread2" daemon [_thread_in_native, id=9184, stack(0x0000000017390000,0x0000000017490000)]
  0x0000000016bba800 JavaThread "C2 CompilerThread1" daemon [_thread_in_native, id=12632, stack(0x0000000017290000,0x0000000017390000)]
  0x0000000016bb6800 JavaThread "C2 CompilerThread0" daemon [_thread_in_native, id=13044, stack(0x0000000017190000,0x0000000017290000)]
  0x0000000016bb4800 JavaThread "Attach Listener" daemon [_thread_blocked, id=11116, stack(0x0000000017090000,0x0000000017190000)]
  0x0000000016bb3000 JavaThread "Signal Dispatcher" daemon [_thread_blocked, id=4300, stack(0x0000000016f90000,0x0000000017090000)]
  0x0000000000c54800 JavaThread "Finalizer" daemon [_thread_blocked, id=16692, stack(0x0000000016a90000,0x0000000016b90000)]
  0x0000000000c53000 JavaThread "Reference Handler" daemon [_thread_blocked, id=11000, stack(0x0000000016990000,0x0000000016a90000)]
  0x0000000000b5e000 JavaThread "main" [_thread_blocked, id=16668, stack(0x00000000009f0000,0x0000000000af0000)]

Other Threads:
  0x0000000014bb9000 VMThread [stack: 0x0000000016890000,0x0000000016990000] [id=2396]
  0x0000000016bcb000 WatcherThread [stack: 0x0000000017690000,0x0000000017790000] [id=5728]

VM state:not at safepoint (normal execution)

VM Mutex/Monitor currently owned by a thread: None

Heap:
 PSYoungGen      total 76288K, used 61611K [0x00000000eab00000, 0x00000000f0000000, 0x0000000100000000)
  eden space 65536K, 94% used [0x00000000eab00000,0x00000000ee72acd0,0x00000000eeb00000)
  from space 10752K, 0% used [0x00000000ef580000,0x00000000ef580000,0x00000000f0000000)
  to   space 10752K, 0% used [0x00000000eeb00000,0x00000000eeb00000,0x00000000ef580000)
 ParOldGen       total 175104K, used 0K [0x00000000c0000000, 0x00000000cab00000, 0x00000000eab00000)
  object space 175104K, 0% used [0x00000000c0000000,0x00000000c0000000,0x00000000cab00000)
 Metaspace       used 6090K, capacity 7024K, committed 7296K, reserved 1056768K
  class space    used 586K, capacity 616K, committed 640K, reserved 1048576K

Card table byte_map: [0x0000000000c60000,0x0000000000e70000] byte_map_base: 0x0000000000660000

Marking Bits: (ParMarkBitMap*) 0x000000005ad64040
 Begin Bits: [0x0000000011fd0000, 0x0000000012fd0000)
 End Bits:   [0x0000000012fd0000, 0x0000000013fd0000)

Polling page: 0x00000000009c0000

CodeCache: size=245760Kb used=6708Kb max_used=6708Kb free=239051Kb
 bounds [0x00000000022b0000, 0x0000000002950000, 0x00000000112b0000]
 total_blobs=1793 nmethods=1525 adapters=182
 compilation: enabled

Compilation events (10 events):
Event: 6.855 Thread 0x0000000016bb6800 nmethod 1517 0x000000000292a690 code [0x000000000292a820, 0x000000000292ae18]
Event: 6.855 Thread 0x0000000016bb6800 1520       4       com.android.dx.cf.code.RopperMachine::getSources (264 bytes)
Event: 6.861 Thread 0x0000000016bc3800 1525       3       com.android.dx.ssa.LiteralOpUpgrader$1::visitPhiInsn (1 bytes)
Event: 6.861 Thread 0x0000000016bc3800 nmethod 1525 0x0000000002914cd0 code [0x0000000002914e20, 0x0000000002914f70]
Event: 6.862 Thread 0x0000000016bc3800 1526       3       com.android.dx.ssa.PhiInsn::mapSourceRegisters (78 bytes)
Event: 6.863 Thread 0x0000000016bc3800 nmethod 1526 0x00000000029296d0 code [0x00000000029298c0, 0x000000000292a268]
Event: 6.863 Thread 0x0000000016bc3800 1527       1       com.android.dx.ssa.PhiInsn::canThrow (2 bytes)
Event: 6.863 Thread 0x0000000016bc3800 nmethod 1527 0x0000000002918910 code [0x0000000002918a60, 0x0000000002918b70]
Event: 6.864 Thread 0x0000000016bc3800 1528       3       com.android.dx.rop.cst.TypedConstant::getBasicType (8 bytes)
Event: 6.864 Thread 0x0000000016bc3800 nmethod 1528 0x0000000002914810 code [0x0000000002914980, 0x0000000002914c28]

GC Heap History (0 events):
No events

Deoptimization events (10 events):
Event: 5.452 Thread 0x0000000016ecf800 Uncommon trap: reason=unstable_if action=reinterpret pc=0x0000000002693c40 method=com.android.dx.rop.code.RegisterSpecSet.put(Lcom/android/dx/rop/code/RegisterSpec;)V @ 77
Event: 5.480 Thread 0x0000000016f39000 Uncommon trap: reason=null_check action=make_not_entrant pc=0x00000000027a1b74 method=com.android.dx.ssa.SsaRenamer.getLocalForNewReg(I)Lcom/android/dx/rop/code/LocalItem; @ 19
Event: 6.773 Thread 0x0000000016ecf800 Uncommon trap: reason=unstable_if action=reinterpret pc=0x00000000027e2aac method=com.android.dx.ssa.SCCP.simulateBranch(Lcom/android/dx/ssa/SsaInsn;)V @ 64
Event: 6.773 Thread 0x0000000016ecf800 Uncommon trap: reason=unloaded action=reinterpret pc=0x000000000283d2dc method=com.android.dx.ssa.LiteralOpUpgrader$1.visitNonMoveInsn(Lcom/android/dx/ssa/NormalSsaInsn;)V @ 72
Event: 6.774 Thread 0x0000000016ecf800 Uncommon trap: reason=unstable_if action=reinterpret pc=0x000000000267f69c method=com.android.dx.ssa.SsaMethod.updateOneDefinition(Lcom/android/dx/ssa/SsaInsn;Lcom/android/dx/rop/code/RegisterSpec;)V @ 4
Event: 6.776 Thread 0x0000000016f39000 Uncommon trap: reason=unstable_if action=reinterpret pc=0x00000000028cd0c0 method=com.android.dx.cf.code.ByteCatchList$Item.getExceptionClass()Lcom/android/dx/rop/cst/CstType; @ 4
Event: 6.847 Thread 0x0000000016ecf800 Uncommon trap: reason=bimorphic action=maybe_recompile pc=0x00000000028c0e14 method=com.android.dx.cf.code.BaseMachine.getLocalTarget(Z)Lcom/android/dx/rop/code/RegisterSpec; @ 70
Event: 6.847 Thread 0x0000000016ecf800 Uncommon trap: reason=bimorphic action=maybe_recompile pc=0x00000000028c0e14 method=com.android.dx.cf.code.BaseMachine.getLocalTarget(Z)Lcom/android/dx/rop/code/RegisterSpec; @ 70
Event: 6.847 Thread 0x0000000016ecf800 Uncommon trap: reason=bimorphic action=maybe_recompile pc=0x00000000028c0e14 method=com.android.dx.cf.code.BaseMachine.getLocalTarget(Z)Lcom/android/dx/rop/code/RegisterSpec; @ 70
Event: 6.847 Thread 0x0000000016ecf800 Uncommon trap: reason=bimorphic action=maybe_recompile pc=0x00000000028c0e14 method=com.android.dx.cf.code.BaseMachine.getLocalTarget(Z)Lcom/android/dx/rop/code/RegisterSpec; @ 70

Internal exceptions (3 events):
Event: 0.106 Thread 0x0000000000b5e000 Exception <a 'java/lang/NoSuchMethodError': Method sun.misc.Unsafe.defineClass(Ljava/lang/String;[BII)Ljava/lang/Class; name or signature does not match> (0x00000000eab0daf0) thrown at [C:\re\workspace\8-2-build-windows-amd64-cygwin\jdk8u45\3627\hotspot\sr…t±Ü˜»?
Event: 0.106 Thread 0x0000000000b5e000 Exception <a 'java/lang/NoSuchMethodError': Method sun.misc.Unsafe.prefetchRead(Ljava/lang/Object;J)V name or signature does not match> (0x00000000eab0dd80) thrown at [C:\re\workspace\8-2-build-windows-amd64-cygwin\jdk8u45\3627\hotspot\src\share\vm\prims\jª«¶÷©ë@
Event: 5.480 Thread 0x0000000016f39000 Implicit null exception at 0x00000000027a0776 to 0x00000000027a1b31

Events (10 events):
Event: 6.847 Thread 0x0000000016ecf800 DEOPT UNPACKING pc=0x00000000022f582a sp=0x000000001808dd20 mode 2
Event: 6.847 Thread 0x0000000016ecf800 Uncommon trap: trap_request=0xffffffc6 fr.pc=0x00000000028c0e14
Event: 6.847 Thread 0x0000000016ecf800 DEOPT PACKING pc=0x00000000028c0e14 sp=0x000000001808df20
Event: 6.847 Thread 0x0000000016ecf800 DEOPT UNPACKING pc=0x00000000022f582a sp=0x000000001808ded0 mode 2
Event: 6.847 Thread 0x0000000016ecf800 Uncommon trap: trap_request=0xffffffc6 fr.pc=0x00000000028c0e14
Event: 6.847 Thread 0x0000000016ecf800 DEOPT PACKING pc=0x00000000028c0e14 sp=0x000000001808dd70
Event: 6.847 Thread 0x0000000016ecf800 DEOPT UNPACKING pc=0x00000000022f582a sp=0x000000001808dd20 mode 2
Event: 6.847 Thread 0x0000000016ecf800 Uncommon trap: trap_request=0xffffffc6 fr.pc=0x00000000028c0e14
Event: 6.847 Thread 0x0000000016ecf800 DEOPT PACKING pc=0x00000000028c0e14 sp=0x000000001808df20
Event: 6.847 Thread 0x0000000016ecf800 DEOPT UNPACKING pc=0x00000000022f582a sp=0x000000001808ded0 mode 2


Dynamic libraries:
0x00007ff773fd0000 - 0x00007ff774007000 	C:\Program Files\Java\jdk1.8.0_45\bin\java.exe
0x00007ffcc1b80000 - 0x00007ffcc1d41000 	C:\WINDOWS\SYSTEM32\ntdll.dll
0x00007ffcc0400000 - 0x00007ffcc04ad000 	C:\WINDOWS\system32\KERNEL32.DLL
0x00007ffcb09d0000 - 0x00007ffcb0a02000 	C:\Program Files (x86)\AVG\Av\avghooka.dll
0x00007ffcbd9f0000 - 0x00007ffcbdbd8000 	C:\WINDOWS\system32\KERNELBASE.dll
0x00007ffcbdef0000 - 0x00007ffcbdf97000 	C:\WINDOWS\system32\ADVAPI32.dll
0x00007ffcbdc00000 - 0x00007ffcbdc9d000 	C:\WINDOWS\system32\msvcrt.dll
0x00007ffcbdd00000 - 0x00007ffcbdd5b000 	C:\WINDOWS\system32\sechost.dll
0x00007ffcbe430000 - 0x00007ffcbe54c000 	C:\WINDOWS\system32\RPCRT4.dll
0x00007ffcc0010000 - 0x00007ffcc0166000 	C:\WINDOWS\system32\USER32.dll
0x00007ffcbe2a0000 - 0x00007ffcbe426000 	C:\WINDOWS\system32\GDI32.dll
0x00007ffcb9470000 - 0x00007ffcb96e4000 	C:\WINDOWS\WinSxS\amd64_microsoft.windows.common-controls_6595b64144ccf1df_6.0.10586.0_none_8c15ae12515e1c22\COMCTL32.dll
0x00007ffcc0170000 - 0x00007ffcc03ed000 	C:\WINDOWS\system32\combase.dll
0x00007ffcbd190000 - 0x00007ffcbd1fa000 	C:\WINDOWS\system32\bcryptPrimitives.dll
0x00007ffcbdca0000 - 0x00007ffcbdcdb000 	C:\WINDOWS\system32\IMM32.DLL
0x000000005b050000 - 0x000000005b122000 	C:\Program Files\Java\jdk1.8.0_45\jre\bin\msvcr100.dll
0x000000005a560000 - 0x000000005ade3000 	C:\Program Files\Java\jdk1.8.0_45\jre\bin\server\jvm.dll
0x00007ffcbdee0000 - 0x00007ffcbdee8000 	C:\WINDOWS\system32\PSAPI.DLL
0x00007ffcb0b70000 - 0x00007ffcb0b79000 	C:\WINDOWS\SYSTEM32\WSOCK32.dll
0x00007ffcbffa0000 - 0x00007ffcc000b000 	C:\WINDOWS\system32\WS2_32.dll
0x00007ffcba1a0000 - 0x00007ffcba1c3000 	C:\WINDOWS\SYSTEM32\WINMM.dll
0x00007ffcb9850000 - 0x00007ffcb985a000 	C:\WINDOWS\SYSTEM32\VERSION.dll
0x00007ffcba140000 - 0x00007ffcba16c000 	C:\WINDOWS\SYSTEM32\WINMMBASE.dll
0x00007ffcbd2c0000 - 0x00007ffcbd303000 	C:\WINDOWS\system32\cfgmgr32.dll
0x000000005b4c0000 - 0x000000005b4cf000 	C:\Program Files\Java\jdk1.8.0_45\jre\bin\verify.dll
0x000000005b490000 - 0x000000005b4b9000 	C:\Program Files\Java\jdk1.8.0_45\jre\bin\java.dll
0x000000005b470000 - 0x000000005b486000 	C:\Program Files\Java\jdk1.8.0_45\jre\bin\zip.dll
0x00007ffcbea40000 - 0x00007ffcbff9c000 	C:\WINDOWS\system32\SHELL32.dll
0x00007ffcbd310000 - 0x00007ffcbd955000 	C:\WINDOWS\system32\windows.storage.dll
0x00007ffcbe550000 - 0x00007ffcbe5a2000 	C:\WINDOWS\system32\shlwapi.dll
0x00007ffcbce90000 - 0x00007ffcbce9f000 	C:\WINDOWS\system32\kernel.appcore.dll
0x00007ffcbd200000 - 0x00007ffcbd2b5000 	C:\WINDOWS\system32\shcore.dll
0x00007ffcbce40000 - 0x00007ffcbce8b000 	C:\WINDOWS\system32\powrprof.dll
0x00007ffcbce20000 - 0x00007ffcbce34000 	C:\WINDOWS\system32\profapi.dll
0x00007ffc9cec0000 - 0x00007ffc9d04c000 	C:\WINDOWS\SYSTEM32\dbghelp.dll

VM Arguments:
jvm_args: -Djava.awt.headless=true -Xmx1024M -Dfile.encoding=windows-1252 -Duser.country=US -Duser.language=en -Duser.variant 
java_command: com.android.dx.command.Main --dex --num-threads=4 --output C:\Users\Russell\git\Decisionator\app\build\intermediates\pre-dexed\debug\com.google.android.gms-play-services-maps-8.4.0_6d002d0682906c04544db0101ab6c55e09439a2d.jar C:\Users\Russell\git\Decisionator\app\build\intermediates\exploded-aar\com.google.android.gms\play-services-maps\8.4.0\jars\classes.jar
java_class_path (initial): G:\Android\sdk\build-tools\23.0.2\lib\dx.jar
Launcher Type: SUN_STANDARD

Environment Variables:
JAVA_HOME=C:\Program Files\Java\jdk1.8.0_45
CLASSPATH=C:\Program Files\Java\jdk1.7.0_17;C:\Program Files\Java\jre7\bin;.
PATH=G:\Python;C:\ProgramData\Oracle\Java\javapath;C:\Program Files\Java\jdk1.7.0_17\bin; C:\MinGW\bin; C:\MinGW\msys\1.0\bin;C:\Program Files (x86)\Windows Kits\8.1\Windows Performance Toolkit\;C:\Program Files\Microsoft SQL Server\110\Tools\Binn\;C:\Program Files (x86)\Microsoft SDKs\TypeScript\1.0\;C:\Program Files (x86)\Vim\vim74;C:\Program Files (x86)\Microsoft SQL Server\110\Tools\Binn\ManagementStudio\;C:\Program Files (x86)\Microsoft SQL Server\110\Tools\Binn\;C:\Program Files (x86)\Microsoft SQL Server\110\DTS\Binn\;C:\Program Files\Microsoft SQL Server\110\DTS\Binn\;C:\Program Files (x86)\Microsoft SQL Server\100\Tools\Binn\VSShell\Common7\IDE\;C:\Program Files (x86)\Microsoft SQL Server\100\Tools\Binn\;C:\Program Files\Microsoft SQL Server\100\Tools\Binn\;C:\Program Files (x86)\Microsoft SQL Server\100\DTS\Binn\;C:\Program Files\Microsoft\Web Platform Installer\;C:\Program Files\MySQL\MySQL Server 5.1\bin;G:\Perforce;C:\Program Files\Microsoft SQL Server\100\DTS\Binn\;C:\Program Files (x86)\NVIDIA Corporation\PhysX\Common;C:\Program Files\TortoiseHg\;C:\WINDOWS\system32;C:\WINDOWS;C:\WINDOWS\System32\Wbem;C:\WINDOWS\System32\WindowsPowerShell\v1.0\;C:\Program Files\Git\cmd;C:\Program Files\Git\mingw64\bin;C:\Program Files\Git\usr\bin;C:\Python27;G:\erl7.1\bin;C:\Program Files\Java\jre1.8.0_71\bin;G:\Anaconda3;G:\Anaconda3\Scripts;G:\Anaconda3\Library\bin;C:\Ruby22-x64\bin;C:\Program Files\Java\jdk1.7.0_17\bin; C:\MinGW\bin; C:\MinGW\msys\1.0\bin
USERNAME=Russell
OS=Windows_NT
PROCESSOR_IDENTIFIER=AMD64 Family 21 Model 1 Stepping 2, AuthenticAMD



---------------  S Y S T E M  ---------------

OS: Windows 10.0 , 64 bit Build 10586 (10.0.10586.0)

CPU:total 8 (8 cores per cpu, 1 threads per core) family 21 model 1 stepping 2, cmov, cx8, fxsr, mmx, sse, sse2, sse3, ssse3, sse4.1, sse4.2, popcnt, avx, aes, clmul, mmxext, 3dnowpref, lzcnt, sse4a, tsc, tscinvbit, tscinv

Memory: 4k page, physical 16721232k(5545684k free), swap 16721232k(5404k free)

vm_info: Java HotSpot(TM) 64-Bit Server VM (25.45-b02) for windows-amd64 JRE (1.8.0_45-b15), built on Apr 30 2015 12:40:44 by "java_re" with MS VC++ 10.0 (VS2010)

time: Tue Mar 22 19:47:04 2016
elapsed time: 6 seconds (0d 0h 0m 6s)

