#
# There is insufficient memory for the Java Runtime Environment to continue.
# Native memory allocation (malloc) failed to allocate 364976 bytes for Chunk::new
# Possible reasons:
#   The system is out of physical RAM or swap space
#   In 32 bit mode, the process size limit was hit
# Possible solutions:
#   Reduce memory load on the system
#   Increase physical memory or swap space
#   Check if swap backing store is full
#   Use 64 bit Java on a 64 bit OS
#   Decrease Java heap size (-Xmx/-Xms)
#   Decrease number of Java threads
#   Decrease Java thread stack sizes (-Xss)
#   Set larger code cache with -XX:ReservedCodeCacheSize=
# This output file may be truncated or incomplete.
#
#  Out of Memory Error (allocation.cpp:390), pid=10448, tid=17100
#
# JRE version: Java(TM) SE Runtime Environment (8.0_45-b15) (build 1.8.0_45-b15)
# Java VM: Java HotSpot(TM) 64-Bit Server VM (25.45-b02 mixed mode windows-amd64 compressed oops)
# Failed to write core dump. Minidumps are not enabled by default on client versions of Windows
#

---------------  T H R E A D  ---------------

Current thread (0x0000000016bc0000):  JavaThread "C2 CompilerThread1" daemon [_thread_in_native, id=17100, stack(0x0000000017290000,0x0000000017390000)]

Stack: [0x0000000017290000,0x0000000017390000]
Native frames: (J=compiled Java code, j=interpreted, Vv=VM code, C=native code)
V  [jvm.dll+0x32b57a]
V  [jvm.dll+0x279873]
V  [jvm.dll+0x27a509]
V  [jvm.dll+0x271825]
V  [jvm.dll+0xcb9e2]
V  [jvm.dll+0xcbeac]
V  [jvm.dll+0x49298c]
V  [jvm.dll+0x45f8ca]
V  [jvm.dll+0x46a73b]
V  [jvm.dll+0x46cd52]
V  [jvm.dll+0x4500f2]
V  [jvm.dll+0xa4352]
V  [jvm.dll+0xa4c8f]
V  [jvm.dll+0x241984]
V  [jvm.dll+0x29853a]
C  [msvcr100.dll+0x21d9f]
C  [msvcr100.dll+0x21e3b]
C  [KERNEL32.DLL+0x18102]
C  [ntdll.dll+0x5c5b4]


Current CompileTask:
C2:   8154 1699       4       com.android.dx.ssa.SsaBasicBlock::newFromRop (183 bytes)


---------------  P R O C E S S  ---------------

Java Threads: ( => current thread )
  0x0000000016e82800 JavaThread "pool-1-thread-4" [_thread_blocked, id=17268, stack(0x0000000018390000,0x0000000018490000)]
  0x0000000016e81800 JavaThread "pool-1-thread-3" [_thread_blocked, id=3936, stack(0x0000000018290000,0x0000000018390000)]
  0x0000000017796800 JavaThread "pool-1-thread-2" [_thread_blocked, id=9948, stack(0x0000000018190000,0x0000000018290000)]
  0x00000000177a2800 JavaThread "pool-2-thread-1" [_thread_blocked, id=13116, stack(0x0000000018090000,0x0000000018190000)]
  0x00000000177cd800 JavaThread "pool-1-thread-1" [_thread_blocked, id=12476, stack(0x0000000017f90000,0x0000000018090000)]
  0x0000000016c38800 JavaThread "Service Thread" daemon [_thread_blocked, id=14352, stack(0x0000000017590000,0x0000000017690000)]
  0x0000000016c13800 JavaThread "C1 CompilerThread3" daemon [_thread_blocked, id=9500, stack(0x0000000017490000,0x0000000017590000)]
  0x0000000016c01000 JavaThread "C2 CompilerThread2" daemon [_thread_in_native, id=14760, stack(0x0000000017390000,0x0000000017490000)]
=>0x0000000016bc0000 JavaThread "C2 CompilerThread1" daemon [_thread_in_native, id=17100, stack(0x0000000017290000,0x0000000017390000)]
  0x0000000016bbc800 JavaThread "C2 CompilerThread0" daemon [_thread_in_native, id=17156, stack(0x0000000017190000,0x0000000017290000)]
  0x0000000016bb6800 JavaThread "Attach Listener" daemon [_thread_blocked, id=17396, stack(0x0000000017090000,0x0000000017190000)]
  0x0000000016bb6000 JavaThread "Signal Dispatcher" daemon [_thread_blocked, id=16560, stack(0x0000000016f90000,0x0000000017090000)]
  0x0000000000bf6000 JavaThread "Finalizer" daemon [_thread_blocked, id=16768, stack(0x0000000016a90000,0x0000000016b90000)]
  0x0000000000bf5000 JavaThread "Reference Handler" daemon [_thread_blocked, id=4592, stack(0x0000000016990000,0x0000000016a90000)]
  0x0000000000afe000 JavaThread "main" [_thread_blocked, id=2292, stack(0x00000000009d0000,0x0000000000ad0000)]

Other Threads:
  0x0000000014b99000 VMThread [stack: 0x0000000016890000,0x0000000016990000] [id=9588]
  0x0000000016c39000 WatcherThread [stack: 0x0000000017690000,0x0000000017790000] [id=10328]

VM state:not at safepoint (normal execution)

VM Mutex/Monitor currently owned by a thread: None

Heap:
 PSYoungGen      total 76288K, used 49416K [0x00000000eab00000, 0x00000000f4000000, 0x0000000100000000)
  eden space 65536K, 59% used [0x00000000eab00000,0x00000000ed0f3ab0,0x00000000eeb00000)
  from space 10752K, 98% used [0x00000000eeb00000,0x00000000ef54e5c0,0x00000000ef580000)
  to   space 10752K, 0% used [0x00000000f3580000,0x00000000f3580000,0x00000000f4000000)
 ParOldGen       total 175104K, used 16K [0x00000000c0000000, 0x00000000cab00000, 0x00000000eab00000)
  object space 175104K, 0% used [0x00000000c0000000,0x00000000c0004000,0x00000000cab00000)
 Metaspace       used 6172K, capacity 7088K, committed 7296K, reserved 1056768K
  class space    used 587K, capacity 616K, committed 640K, reserved 1048576K

Card table byte_map: [0x0000000011440000,0x0000000011650000] byte_map_base: 0x0000000010e40000

Marking Bits: (ParMarkBitMap*) 0x000000005ad64040
 Begin Bits: [0x0000000011fb0000, 0x0000000012fb0000)
 End Bits:   [0x0000000012fb0000, 0x0000000013fb0000)

Polling page: 0x0000000000ad0000

CodeCache: size=245760Kb used=7168Kb max_used=7168Kb free=238591Kb
 bounds [0x0000000002080000, 0x0000000002790000, 0x0000000011080000]
 total_blobs=2011 nmethods=1742 adapters=182
 compilation: enabled

Compilation events (10 events):
Event: 8.101 Thread 0x0000000016c13800 1752   !   3       com.android.dx.cf.attrib.AttExceptions::<init> (45 bytes)
Event: 8.101 Thread 0x0000000016c13800 nmethod 1752 0x00000000027802d0 code [0x0000000002780480, 0x00000000027809a8]
Event: 8.115 Thread 0x0000000016c13800 1753       3       com.android.dx.cf.attrib.InnerClassList$Item::<init> (40 bytes)
Event: 8.115 Thread 0x0000000016c13800 nmethod 1753 0x0000000002780c50 code [0x0000000002780dc0, 0x00000000027810a8]
Event: 8.116 Thread 0x0000000016c13800 1754       3       com.android.dx.cf.attrib.InnerClassList::get (9 bytes)
Event: 8.116 Thread 0x0000000016c13800 nmethod 1754 0x00000000027811d0 code [0x0000000002781340, 0x0000000002781628]
Event: 8.117 Thread 0x0000000016c13800 1755       3       com.android.dx.ssa.BasicRegisterMapper::oldToNew (22 bytes)
Event: 8.117 Thread 0x0000000016c13800 nmethod 1755 0x00000000027816d0 code [0x0000000002781840, 0x0000000002781b28]
Event: 8.124 Thread 0x0000000016c13800 1756   !   3       java.util.zip.Inflater::setInput (74 bytes)
Event: 8.125 Thread 0x0000000016c13800 nmethod 1756 0x0000000002781c10 code [0x0000000002781da0, 0x0000000002782318]

GC Heap History (2 events):
Event: 7.275 GC heap before
{Heap before GC invocations=1 (full 0):
 PSYoungGen      total 76288K, used 65536K [0x00000000eab00000, 0x00000000f0000000, 0x0000000100000000)
  eden space 65536K, 100% used [0x00000000eab00000,0x00000000eeb00000,0x00000000eeb00000)
  from space 10752K, 0% used [0x00000000ef580000,0x00000000ef580000,0x00000000f0000000)
  to   space 10752K, 0% used [0x00000000eeb00000,0x00000000eeb00000,0x00000000ef580000)
 ParOldGen       total 175104K, used 0K [0x00000000c0000000, 0x00000000cab00000, 0x00000000eab00000)
  object space 175104K, 0% used [0x00000000c0000000,0x00000000c0000000,0x00000000cab00000)
 Metaspace       used 6099K, capacity 7024K, committed 7296K, reserved 1056768K
  class space    used 587K, capacity 616K, committed 640K, reserved 1048576K
Event: 7.416 GC heap after
Heap after GC invocations=1 (full 0):
 PSYoungGen      total 76288K, used 10553K [0x00000000eab00000, 0x00000000f4000000, 0x0000000100000000)
  eden space 65536K, 0% used [0x00000000eab00000,0x00000000eab00000,0x00000000eeb00000)
  from space 10752K, 98% used [0x00000000eeb00000,0x00000000ef54e5c0,0x00000000ef580000)
  to   space 10752K, 0% used [0x00000000f3580000,0x00000000f3580000,0x00000000f4000000)
 ParOldGen       total 175104K, used 16K [0x00000000c0000000, 0x00000000cab00000, 0x00000000eab00000)
  object space 175104K, 0% used [0x00000000c0000000,0x00000000c0004000,0x00000000cab00000)
 Metaspace       used 6099K, capacity 7024K, committed 7296K, reserved 1056768K
  class space    used 587K, capacity 616K, committed 640K, reserved 1048576K
}

Deoptimization events (10 events):
Event: 6.366 Thread 0x0000000017796800 Uncommon trap: reason=unstable_if action=reinterpret pc=0x00000000023abe70 method=com.android.dx.ssa.NormalSsaInsn.getLocalAssignment()Lcom/android/dx/rop/code/RegisterSpec; @ 12
Event: 6.403 Thread 0x0000000016e82800 Uncommon trap: reason=unstable_if action=reinterpret pc=0x00000000023e4b9c method=java.util.HashMap.getNode(ILjava/lang/Object;)Ljava/util/HashMap$Node; @ 129
Event: 6.403 Thread 0x0000000016e82800 Uncommon trap: reason=unstable_if action=reinterpret pc=0x000000000233a83c method=java.util.HashMap.getNode(ILjava/lang/Object;)Ljava/util/HashMap$Node; @ 129
Event: 6.446 Thread 0x0000000017796800 Uncommon trap: reason=unstable_if action=reinterpret pc=0x00000000022dd930 method=java.util.BitSet.nextSetBit(I)I @ 87
Event: 6.561 Thread 0x0000000017796800 Uncommon trap: reason=unstable_if action=reinterpret pc=0x000000000243c2c0 method=com.android.dx.rop.code.RegisterSpecSet.put(Lcom/android/dx/rop/code/RegisterSpec;)V @ 77
Event: 6.597 Thread 0x00000000177cd800 Uncommon trap: reason=unstable_if action=reinterpret pc=0x00000000023ed1a4 method=com.android.dx.ssa.SsaMethod.onSourcesChanged(Lcom/android/dx/ssa/SsaInsn;Lcom/android/dx/rop/code/RegisterSpecList;)V @ 4
Event: 6.873 Thread 0x0000000016e82800 Uncommon trap: reason=unloaded action=reinterpret pc=0x000000000263c268 method=com.android.dx.ssa.LiteralOpUpgrader$1.visitNonMoveInsn(Lcom/android/dx/ssa/NormalSsaInsn;)V @ 72
Event: 6.874 Thread 0x0000000016e82800 Uncommon trap: reason=unstable_if action=reinterpret pc=0x000000000248bc9c method=com.android.dx.ssa.SsaMethod.updateOneDefinition(Lcom/android/dx/ssa/SsaInsn;Lcom/android/dx/rop/code/RegisterSpec;)V @ 4
Event: 6.924 Thread 0x0000000017796800 Uncommon trap: reason=unstable_if action=reinterpret pc=0x0000000002680efc method=com.android.dx.ssa.SCCP.simulateBranch(Lcom/android/dx/ssa/SsaInsn;)V @ 64
Event: 7.516 Thread 0x00000000177cd800 Uncommon trap: reason=unstable_if action=reinterpret pc=0x00000000023a5d9c method=com.android.dx.rop.cst.Constant.compareTo(Lcom/android/dx/rop/cst/Constant;)I @ 12

Internal exceptions (2 events):
Event: 3.527 Thread 0x0000000000afe000 Exception <a 'java/lang/NoSuchMethodError': Method sun.misc.Unsafe.defineClass(Ljava/lang/String;[BII)Ljava/lang/Class; name or signature does not match> (0x00000000eab0dc70) thrown at [C:\re\workspace\8-2-build-windows-amd64-cygwin\jdk8u45\3627\hotspot\srJ,ê£6@
Event: 3.527 Thread 0x0000000000afe000 Exception <a 'java/lang/NoSuchMethodError': Method sun.misc.Unsafe.prefetchRead(Ljava/lang/Object;J)V name or signature does not match> (0x00000000eab0df00) thrown at [C:\re\workspace\8-2-build-windows-amd64-cygwin\jdk8u45\3627\hotspot\src\share\vm\prims\j

Events (10 events):
Event: 6.924 Thread 0x0000000017796800 Uncommon trap: trap_request=0xffffff65 fr.pc=0x0000000002680efc
Event: 6.924 Thread 0x0000000017796800 DEOPT PACKING pc=0x0000000002680efc sp=0x000000001828e5e0
Event: 6.924 Thread 0x0000000017796800 DEOPT UNPACKING pc=0x00000000020c582a sp=0x000000001828e570 mode 2
Event: 7.028 Executing VM operation: ParallelGCFailedAllocation
Event: 7.416 Executing VM operation: ParallelGCFailedAllocation done
Event: 7.516 Thread 0x00000000177cd800 Uncommon trap: trap_request=0xffffff65 fr.pc=0x00000000023a5d9c
Event: 7.516 Thread 0x00000000177cd800 DEOPT PACKING pc=0x00000000023a5d9c sp=0x000000001808e430
Event: 7.516 Thread 0x00000000177cd800 DEOPT UNPACKING pc=0x00000000020c582a sp=0x000000001808e3d0 mode 2
Event: 7.818 Executing VM operation: EnableBiasedLocking
Event: 7.819 Executing VM operation: EnableBiasedLocking done


Dynamic libraries:
0x00007ff773fd0000 - 0x00007ff774007000 	C:\Program Files\Java\jdk1.8.0_45\bin\java.exe
0x00007ffcc1b80000 - 0x00007ffcc1d41000 	C:\WINDOWS\SYSTEM32\ntdll.dll
0x00007ffcc0400000 - 0x00007ffcc04ad000 	C:\WINDOWS\system32\KERNEL32.DLL
0x00007ffcb09d0000 - 0x00007ffcb0a02000 	C:\Program Files (x86)\AVG\Av\avghooka.dll
0x00007ffcbd9f0000 - 0x00007ffcbdbd8000 	C:\WINDOWS\system32\KERNELBASE.dll
0x00007ffcbdef0000 - 0x00007ffcbdf97000 	C:\WINDOWS\system32\ADVAPI32.dll
0x00007ffcbdc00000 - 0x00007ffcbdc9d000 	C:\WINDOWS\system32\msvcrt.dll
0x00007ffcbdd00000 - 0x00007ffcbdd5b000 	C:\WINDOWS\system32\sechost.dll
0x00007ffcbe430000 - 0x00007ffcbe54c000 	C:\WINDOWS\system32\RPCRT4.dll
0x00007ffcc0010000 - 0x00007ffcc0166000 	C:\WINDOWS\system32\USER32.dll
0x00007ffcbe2a0000 - 0x00007ffcbe426000 	C:\WINDOWS\system32\GDI32.dll
0x00007ffcb9470000 - 0x00007ffcb96e4000 	C:\WINDOWS\WinSxS\amd64_microsoft.windows.common-controls_6595b64144ccf1df_6.0.10586.0_none_8c15ae12515e1c22\COMCTL32.dll
0x00007ffcc0170000 - 0x00007ffcc03ed000 	C:\WINDOWS\system32\combase.dll
0x00007ffcbd190000 - 0x00007ffcbd1fa000 	C:\WINDOWS\system32\bcryptPrimitives.dll
0x00007ffcbdca0000 - 0x00007ffcbdcdb000 	C:\WINDOWS\system32\IMM32.DLL
0x000000005b050000 - 0x000000005b122000 	C:\Program Files\Java\jdk1.8.0_45\jre\bin\msvcr100.dll
0x000000005a560000 - 0x000000005ade3000 	C:\Program Files\Java\jdk1.8.0_45\jre\bin\server\jvm.dll
0x00007ffcbdee0000 - 0x00007ffcbdee8000 	C:\WINDOWS\system32\PSAPI.DLL
0x00007ffcb0b70000 - 0x00007ffcb0b79000 	C:\WINDOWS\SYSTEM32\WSOCK32.dll
0x00007ffcbffa0000 - 0x00007ffcc000b000 	C:\WINDOWS\system32\WS2_32.dll
0x00007ffcba1a0000 - 0x00007ffcba1c3000 	C:\WINDOWS\SYSTEM32\WINMM.dll
0x00007ffcb9850000 - 0x00007ffcb985a000 	C:\WINDOWS\SYSTEM32\VERSION.dll
0x00007ffcba140000 - 0x00007ffcba16c000 	C:\WINDOWS\SYSTEM32\WINMMBASE.dll
0x00007ffcbd2c0000 - 0x00007ffcbd303000 	C:\WINDOWS\system32\cfgmgr32.dll
0x000000005b4c0000 - 0x000000005b4cf000 	C:\Program Files\Java\jdk1.8.0_45\jre\bin\verify.dll
0x000000005b490000 - 0x000000005b4b9000 	C:\Program Files\Java\jdk1.8.0_45\jre\bin\java.dll
0x000000005b470000 - 0x000000005b486000 	C:\Program Files\Java\jdk1.8.0_45\jre\bin\zip.dll
0x00007ffcbea40000 - 0x00007ffcbff9c000 	C:\WINDOWS\system32\SHELL32.dll
0x00007ffcbd310000 - 0x00007ffcbd955000 	C:\WINDOWS\system32\windows.storage.dll
0x00007ffcbe550000 - 0x00007ffcbe5a2000 	C:\WINDOWS\system32\shlwapi.dll
0x00007ffcbce90000 - 0x00007ffcbce9f000 	C:\WINDOWS\system32\kernel.appcore.dll
0x00007ffcbd200000 - 0x00007ffcbd2b5000 	C:\WINDOWS\system32\shcore.dll
0x00007ffcbce40000 - 0x00007ffcbce8b000 	C:\WINDOWS\system32\powrprof.dll
0x00007ffcbce20000 - 0x00007ffcbce34000 	C:\WINDOWS\system32\profapi.dll
0x00007ffc9cec0000 - 0x00007ffc9d04c000 	C:\WINDOWS\SYSTEM32\dbghelp.dll

VM Arguments:
jvm_args: -Djava.awt.headless=true -Xmx1024M -Dfile.encoding=windows-1252 -Duser.country=US -Duser.language=en -Duser.variant 
java_command: com.android.dx.command.Main --dex --num-threads=4 --output C:\Users\Russell\git\Decisionator\app\build\intermediates\pre-dexed\debug\com.google.android.gms-play-services-maps-8.4.0_6d002d0682906c04544db0101ab6c55e09439a2d.jar C:\Users\Russell\git\Decisionator\app\build\intermediates\exploded-aar\com.google.android.gms\play-services-maps\8.4.0\jars\classes.jar
java_class_path (initial): G:\Android\sdk\build-tools\23.0.2\lib\dx.jar
Launcher Type: SUN_STANDARD

Environment Variables:
JAVA_HOME=C:\Program Files\Java\jdk1.8.0_45
CLASSPATH=C:\Program Files\Java\jdk1.7.0_17;C:\Program Files\Java\jre7\bin;.
PATH=G:\Python;C:\ProgramData\Oracle\Java\javapath;C:\Program Files\Java\jdk1.7.0_17\bin; C:\MinGW\bin; C:\MinGW\msys\1.0\bin;C:\Program Files (x86)\Windows Kits\8.1\Windows Performance Toolkit\;C:\Program Files\Microsoft SQL Server\110\Tools\Binn\;C:\Program Files (x86)\Microsoft SDKs\TypeScript\1.0\;C:\Program Files (x86)\Vim\vim74;C:\Program Files (x86)\Microsoft SQL Server\110\Tools\Binn\ManagementStudio\;C:\Program Files (x86)\Microsoft SQL Server\110\Tools\Binn\;C:\Program Files (x86)\Microsoft SQL Server\110\DTS\Binn\;C:\Program Files\Microsoft SQL Server\110\DTS\Binn\;C:\Program Files (x86)\Microsoft SQL Server\100\Tools\Binn\VSShell\Common7\IDE\;C:\Program Files (x86)\Microsoft SQL Server\100\Tools\Binn\;C:\Program Files\Microsoft SQL Server\100\Tools\Binn\;C:\Program Files (x86)\Microsoft SQL Server\100\DTS\Binn\;C:\Program Files\Microsoft\Web Platform Installer\;C:\Program Files\MySQL\MySQL Server 5.1\bin;G:\Perforce;C:\Program Files\Microsoft SQL Server\100\DTS\Binn\;C:\Program Files (x86)\NVIDIA Corporation\PhysX\Common;C:\Program Files\TortoiseHg\;C:\WINDOWS\system32;C:\WINDOWS;C:\WINDOWS\System32\Wbem;C:\WINDOWS\System32\WindowsPowerShell\v1.0\;C:\Program Files\Git\cmd;C:\Program Files\Git\mingw64\bin;C:\Program Files\Git\usr\bin;C:\Python27;G:\erl7.1\bin;C:\Program Files\Java\jre1.8.0_71\bin;G:\Anaconda3;G:\Anaconda3\Scripts;G:\Anaconda3\Library\bin;C:\Ruby22-x64\bin;C:\Program Files\Java\jdk1.7.0_17\bin; C:\MinGW\bin; C:\MinGW\msys\1.0\bin
USERNAME=Russell
OS=Windows_NT
PROCESSOR_IDENTIFIER=AMD64 Family 21 Model 1 Stepping 2, AuthenticAMD



---------------  S Y S T E M  ---------------

OS: Windows 10.0 , 64 bit Build 10586 (10.0.10586.0)

CPU:total 8 (8 cores per cpu, 1 threads per core) family 21 model 1 stepping 2, cmov, cx8, fxsr, mmx, sse, sse2, sse3, ssse3, sse4.1, sse4.2, popcnt, avx, aes, clmul, mmxext, 3dnowpref, lzcnt, sse4a, tsc, tscinvbit, tscinv

Memory: 4k page, physical 16721232k(4811032k free), swap 16721232k(21832k free)

vm_info: Java HotSpot(TM) 64-Bit Server VM (25.45-b02) for windows-amd64 JRE (1.8.0_45-b15), built on Apr 30 2015 12:40:44 by "java_re" with MS VC++ 10.0 (VS2010)

time: Tue Mar 22 19:35:49 2016
elapsed time: 8 seconds (0d 0h 0m 8s)

